<?xml version="1.0" encoding="UTF-8"?>
<TestRun id="cddd024f-91f5-4e1d-a6ff-ea819a27bbe7" name="cgogu@DESKTOP-SQ1UVAM 2016-11-30 19:58:04" runUser="DESKTOP-SQ1UVAM\cgogu" xmlns="http://microsoft.com/schemas/VisualStudio/TeamTest/2010">
  <TestSettings name="Default Test Settings" id="d461cd6e-ecf2-42b4-8dd6-f8764a708f73">
    <Deployment userDeploymentRoot="C:\Users\cgogu\Documents\Visual Studio 2015\Projects\Christopher.Goguen.Lab6\TestResults" useDefaultDeploymentRoot="false" runDeploymentRoot="cgogu_DESKTOP-SQ1UVAM 2016-11-30 19_58_04">
      <DeploymentItem filename="C:\Users\cgogu\Documents\Visual Studio 2015\Projects\Christopher.Goguen.Lab6\Christopher.Goguen.Lab6.Tests\FakesAssemblies\Christopher.Goguen.Lab6.Fakes.dll" />
      <DeploymentItem filename="C:\Users\cgogu\Documents\Visual Studio 2015\Projects\Christopher.Goguen.Lab6\packages\Newtonsoft.Json.6.0.4\lib\net45\Newtonsoft.Json.dll" />
      <DeploymentItem filename="C:\Users\cgogu\Documents\Visual Studio 2015\Projects\Christopher.Goguen.Lab6\packages\Microsoft.Web.Infrastructure.1.0.0.0\lib\net40\Microsoft.Web.Infrastructure.dll" />
      <DeploymentItem filename="C:\Users\cgogu\Documents\Visual Studio 2015\Projects\Christopher.Goguen.Lab6\packages\Microsoft.AspNet.WebApi.Core.5.2.3\lib\net45\System.Web.Http.dll" />
      <DeploymentItem filename="C:\Users\cgogu\Documents\Visual Studio 2015\Projects\Christopher.Goguen.Lab6\Christopher.Goguen.Lab6.Tests\FakesAssemblies\System.4.0.0.0.Fakes.dll" />
      <DeploymentItem filename="C:\Users\cgogu\Documents\Visual Studio 2015\Projects\Christopher.Goguen.Lab6\Christopher.Goguen.Lab6\bin\Christopher.Goguen.Lab6.dll" />
      <DeploymentItem filename="C:\Users\cgogu\Documents\Visual Studio 2015\Projects\Christopher.Goguen.Lab6\packages\Microsoft.AspNet.WebPages.3.2.3\lib\net45\System.Web.Helpers.dll" />
      <DeploymentItem filename="C:\Users\cgogu\Documents\Visual Studio 2015\Projects\Christopher.Goguen.Lab6\packages\Microsoft.AspNet.WebApi.WebHost.5.2.3\lib\net45\System.Web.Http.WebHost.dll" />
      <DeploymentItem filename="C:\Users\cgogu\Documents\Visual Studio 2015\Projects\Christopher.Goguen.Lab6\packages\Microsoft.AspNet.WebApi.Client.5.2.3\lib\net45\System.Net.Http.Formatting.dll" />
      <DeploymentItem filename="C:\Program Files (x86)\Microsoft Visual Studio 14.0\Common7\IDE\PublicAssemblies\Microsoft.QualityTools.Testing.Fakes.dll" />
      <DeploymentItem filename="C:\Users\cgogu\Documents\Visual Studio 2015\Projects\Christopher.Goguen.Lab6\packages\Microsoft.AspNet.Mvc.5.2.3\lib\net45\System.Web.Mvc.dll" />
      <DeploymentItem filename="C:\Users\cgogu\Documents\Visual Studio 2015\Projects\Christopher.Goguen.Lab6\packages\Microsoft.AspNet.WebPages.3.2.3\lib\net45\System.Web.WebPages.dll" />
      <DeploymentItem filename="C:\Users\cgogu\Documents\Visual Studio 2015\Projects\Christopher.Goguen.Lab6\packages\Microsoft.AspNet.Razor.3.2.3\lib\net45\System.Web.Razor.dll" />
      <DeploymentItem filename="C:\Users\cgogu\Documents\Visual Studio 2015\Projects\Christopher.Goguen.Lab6\packages\Microsoft.AspNet.WebPages.3.2.3\lib\net45\System.Web.WebPages.Deployment.dll" />
      <DeploymentItem filename="C:\Users\cgogu\Documents\Visual Studio 2015\Projects\Christopher.Goguen.Lab6\packages\Microsoft.AspNet.WebPages.3.2.3\lib\net45\System.Web.WebPages.Razor.dll" />
    </Deployment>
    <Execution>
      <TestTypeSpecific />
      <AgentRule name="Execution Agents">
      </AgentRule>
    </Execution>
    <Properties />
  </TestSettings>
  <Times creation="2016-11-30T19:58:04.4758175-05:00" queuing="2016-11-30T19:58:05.2152814-05:00" start="2016-11-30T19:58:05.5451576-05:00" finish="2016-11-30T19:58:20.4829828-05:00" />
  <ResultSummary outcome="Failed">
    <Counters total="1" executed="1" error="0" failed="1" timeout="0" aborted="0" inconclusive="0" passedButRunAborted="0" notRunnable="0" notExecuted="0" disconnected="0" warning="0" passed="0" completed="0" inProgress="0" pending="0" />
  </ResultSummary>
  <TestDefinitions>
    <WebTest name="WebTest1" storage="c:\users\cgogu\documents\visual studio 2015\projects\christopher.goguen.lab6\christopher.goguen.lab6.tests\controllers\webtest1.webtest" id="4ee3c752-446a-4c14-8e12-68ead5b64204" persistedWebTest="77u/PD94bWwgdmVyc2lvbj0iMS4wIiBlbmNvZGluZz0iVVRGLTgiIHN0YW5kYWxvbmU9InllcyI/Pg0KPFdlYlRlc3QgTmFtZT0iV2ViVGVzdDEiIElkPSI0ZWUzYzc1Mi00NDZhLTRjMTQtOGUxMi02OGVhZDViNjQyMDQiIE93bmVyPSIiIFByaW9yaXR5PSIyMTQ3NDgzNjQ3IiBFbmFibGVkPSJUcnVlIiBDc3NQcm9qZWN0U3RydWN0dXJlPSIiIENzc0l0ZXJhdGlvbj0iIiBUaW1lb3V0PSIwIiBXb3JrSXRlbUlkcz0iIiB4bWxucz0iaHR0cDovL21pY3Jvc29mdC5jb20vc2NoZW1hcy9WaXN1YWxTdHVkaW8vVGVhbVRlc3QvMjAxMCIgRGVzY3JpcHRpb249IiIgQ3JlZGVudGlhbFVzZXJOYW1lPSIiIENyZWRlbnRpYWxQYXNzd29yZD0iIiBQcmVBdXRoZW50aWNhdGU9IlRydWUiIFByb3h5PSJkZWZhdWx0IiBTdG9wT25FcnJvcj0iRmFsc2UiIFJlY29yZGVkUmVzdWx0RmlsZT0iV2ViVGVzdDEuYzU5NDY3NzYtYTkyZC00ZGVkLWFjYTQtZDMxNWZlNDExMzhhLnJlYy53ZWJ0ZXN0cmVzdWx0IiBSZXN1bHRzTG9jYWxlPSIiPg0KICA8SXRlbXM+DQogICAgPFJlcXVlc3QgTWV0aG9kPSJHRVQiIEd1aWQ9Ijc1MzE1ODdjLTk5OGQtNGI4My1hMDU2LWQwMjkyNTBiNDQ1OSIgVmVyc2lvbj0iMS4xIiBVcmw9Imh0dHA6Ly9sb2NhbGhvc3Q6MTU4NC8iIFRoaW5rVGltZT0iMSIgVGltZW91dD0iMzAwIiBQYXJzZURlcGVuZGVudFJlcXVlc3RzPSJUcnVlIiBGb2xsb3dSZWRpcmVjdHM9IlRydWUiIFJlY29yZFJlc3VsdD0iVHJ1ZSIgQ2FjaGU9IkZhbHNlIiBSZXNwb25zZVRpbWVHb2FsPSIwIiBFbmNvZGluZz0idXRmLTgiIEV4cGVjdGVkSHR0cFN0YXR1c0NvZGU9IjAiIEV4cGVjdGVkUmVzcG9uc2VVcmw9IiIgUmVwb3J0aW5nTmFtZT0iIiBJZ25vcmVIdHRwU3RhdHVzQ29kZT0iRmFsc2UiIC8+DQogICAgPFJlcXVlc3QgTWV0aG9kPSJQT1NUIiBHdWlkPSIyODcwYmY1NS1lNzE0LTQ2YmUtYWQ0MC0yM2Q5MTkwZTFmNTEiIFZlcnNpb249IjEuMSIgVXJsPSJodHRwOi8vbG9jYWxob3N0OjE2ODE4LzcxNTIwZGY0ZDA4YzQ5NWJiM2JkY2Q2Y2NjZjhlNmJjL2Jyb3dzZXJMaW5rU2lnbmFsUi9uZWdvdGlhdGUiIFRoaW5rVGltZT0iMiIgVGltZW91dD0iMzAwIiBQYXJzZURlcGVuZGVudFJlcXVlc3RzPSJUcnVlIiBGb2xsb3dSZWRpcmVjdHM9IlRydWUiIFJlY29yZFJlc3VsdD0iVHJ1ZSIgQ2FjaGU9IkZhbHNlIiBSZXNwb25zZVRpbWVHb2FsPSIwIiBFbmNvZGluZz0idXRmLTgiIEV4cGVjdGVkSHR0cFN0YXR1c0NvZGU9IjAiIEV4cGVjdGVkUmVzcG9uc2VVcmw9IiIgUmVwb3J0aW5nTmFtZT0iIiBJZ25vcmVIdHRwU3RhdHVzQ29kZT0iRmFsc2UiPg0KICAgICAgPEhlYWRlcnM+DQogICAgICAgIDxIZWFkZXIgTmFtZT0iQ29udGVudC1UeXBlIiBWYWx1ZT0iYXBwbGljYXRpb24veC13d3ctZm9ybS11cmxlbmNvZGVkOyBjaGFyc2V0PVVURi04IiAvPg0KICAgICAgICA8SGVhZGVyIE5hbWU9IkFjY2VwdCIgVmFsdWU9InRleHQvcGxhaW4sICovKjsgcT0wLjAxIiAvPg0KICAgICAgICA8SGVhZGVyIE5hbWU9IlJlZmVyZXIiIFZhbHVlPSJodHRwOi8vbG9jYWxob3N0OjE1ODQvIiAvPg0KICAgICAgPC9IZWFkZXJzPg0KICAgICAgPFF1ZXJ5U3RyaW5nUGFyYW1ldGVycz4NCiAgICAgICAgPFF1ZXJ5U3RyaW5nUGFyYW1ldGVyIE5hbWU9InJlcXVlc3RVcmwiIFZhbHVlPSJodHRwJTNBJTJGJTJGbG9jYWxob3N0JTNBMTU4NCUyRiIgUmVjb3JkZWRWYWx1ZT0iaHR0cCUzQSUyRiUyRmxvY2FsaG9zdCUzQTE1ODQlMkYiIENvcnJlbGF0aW9uQmluZGluZz0iIiBVcmxFbmNvZGU9IkZhbHNlIiBVc2VUb0dyb3VwUmVzdWx0cz0iRmFsc2UiIC8+DQogICAgICAgIDxRdWVyeVN0cmluZ1BhcmFtZXRlciBOYW1lPSJicm93c2VyTmFtZSIgVmFsdWU9IkludGVybmV0K0V4cGxvcmVyIiBSZWNvcmRlZFZhbHVlPSJJbnRlcm5ldCtFeHBsb3JlciIgQ29ycmVsYXRpb25CaW5kaW5nPSIiIFVybEVuY29kZT0iRmFsc2UiIFVzZVRvR3JvdXBSZXN1bHRzPSJGYWxzZSIgLz4NCiAgICAgICAgPFF1ZXJ5U3RyaW5nUGFyYW1ldGVyIE5hbWU9InVzZXJBZ2VudCIgVmFsdWU9Ik1vemlsbGElMkY1LjArKFdpbmRvd3MrTlQrMTAuMCUzQitXT1c2NCUzQitUcmlkZW50JTJGNy4wJTNCKy5ORVQ0LjBDJTNCKy5ORVQ0LjBFJTNCKy5ORVQrQ0xSKzIuMC41MDcyNyUzQisuTkVUK0NMUiszLjAuMzA3MjklM0IrLk5FVCtDTFIrMy41LjMwNzI5JTNCK3J2JTNBMTEuMCkrbGlrZStHZWNrbyIgUmVjb3JkZWRWYWx1ZT0iTW96aWxsYSUyRjUuMCsoV2luZG93cytOVCsxMC4wJTNCK1dPVzY0JTNCK1RyaWRlbnQlMkY3LjAlM0IrLk5FVDQuMEMlM0IrLk5FVDQuMEUlM0IrLk5FVCtDTFIrMi4wLjUwNzI3JTNCKy5ORVQrQ0xSKzMuMC4zMDcyOSUzQisuTkVUK0NMUiszLjUuMzA3MjklM0IrcnYlM0ExMS4wKStsaWtlK0dlY2tvIiBDb3JyZWxhdGlvbkJpbmRpbmc9IiIgVXJsRW5jb2RlPSJGYWxzZSIgVXNlVG9Hcm91cFJlc3VsdHM9IkZhbHNlIiAvPg0KICAgICAgICA8UXVlcnlTdHJpbmdQYXJhbWV0ZXIgTmFtZT0iY2xpZW50UHJvdG9jb2wiIFZhbHVlPSIxLjMiIFJlY29yZGVkVmFsdWU9IjEuMyIgQ29ycmVsYXRpb25CaW5kaW5nPSIiIFVybEVuY29kZT0iRmFsc2UiIFVzZVRvR3JvdXBSZXN1bHRzPSJGYWxzZSIgLz4NCiAgICAgICAgPFF1ZXJ5U3RyaW5nUGFyYW1ldGVyIE5hbWU9Il8iIFZhbHVlPSIxNDgwNTUzNzgxMjU0IiBSZWNvcmRlZFZhbHVlPSIxNDgwNTUzNzgxMjU0IiBDb3JyZWxhdGlvbkJpbmRpbmc9IiIgVXJsRW5jb2RlPSJGYWxzZSIgVXNlVG9Hcm91cFJlc3VsdHM9IkZhbHNlIiAvPg0KICAgICAgPC9RdWVyeVN0cmluZ1BhcmFtZXRlcnM+DQogICAgICA8Rm9ybVBvc3RIdHRwQm9keSAvPg0KICAgIDwvUmVxdWVzdD4NCiAgICA8UmVxdWVzdCBNZXRob2Q9IkdFVCIgR3VpZD0iZWNlYzAyNzYtMmVmMy00NTdlLTg4NjctYTY2MzNmNjUxYjZiIiBWZXJzaW9uPSIxLjEiIFVybD0iaHR0cDovL2xvY2FsaG9zdDoxNTg0L0VtcGxveWVlcyIgVGhpbmtUaW1lPSIwIiBUaW1lb3V0PSIzMDAiIFBhcnNlRGVwZW5kZW50UmVxdWVzdHM9IlRydWUiIEZvbGxvd1JlZGlyZWN0cz0iVHJ1ZSIgUmVjb3JkUmVzdWx0PSJUcnVlIiBDYWNoZT0iRmFsc2UiIFJlc3BvbnNlVGltZUdvYWw9IjAiIEVuY29kaW5nPSJ1dGYtOCIgRXhwZWN0ZWRIdHRwU3RhdHVzQ29kZT0iMCIgRXhwZWN0ZWRSZXNwb25zZVVybD0iIiBSZXBvcnRpbmdOYW1lPSIiIElnbm9yZUh0dHBTdGF0dXNDb2RlPSJGYWxzZSI+DQogICAgICA8SGVhZGVycz4NCiAgICAgICAgPEhlYWRlciBOYW1lPSJSZWZlcmVyIiBWYWx1ZT0iaHR0cDovL2xvY2FsaG9zdDoxNTg0LyIgLz4NCiAgICAgIDwvSGVhZGVycz4NCiAgICA8L1JlcXVlc3Q+DQogICAgPFJlcXVlc3QgTWV0aG9kPSJHRVQiIEd1aWQ9Ijk3YTk4MjY0LWMyMDMtNGJhYi05MmI4LTY0M2QzMDE3MTIwNiIgVmVyc2lvbj0iMS4xIiBVcmw9Imh0dHA6Ly9sb2NhbGhvc3Q6MTY4MTgvNzE1MjBkZjRkMDhjNDk1YmIzYmRjZDZjY2NmOGU2YmMvYnJvd3NlckxpbmtTaWduYWxSL2Nvbm5lY3QiIFRoaW5rVGltZT0iMCIgVGltZW91dD0iMzAwIiBQYXJzZURlcGVuZGVudFJlcXVlc3RzPSJUcnVlIiBGb2xsb3dSZWRpcmVjdHM9IlRydWUiIFJlY29yZFJlc3VsdD0iVHJ1ZSIgQ2FjaGU9IkZhbHNlIiBSZXNwb25zZVRpbWVHb2FsPSIwIiBFbmNvZGluZz0idXRmLTgiIEV4cGVjdGVkSHR0cFN0YXR1c0NvZGU9IjAiIEV4cGVjdGVkUmVzcG9uc2VVcmw9IiIgUmVwb3J0aW5nTmFtZT0iIiBJZ25vcmVIdHRwU3RhdHVzQ29kZT0iRmFsc2UiPg0KICAgICAgPFF1ZXJ5U3RyaW5nUGFyYW1ldGVycz4NCiAgICAgICAgPFF1ZXJ5U3RyaW5nUGFyYW1ldGVyIE5hbWU9InRyYW5zcG9ydCIgVmFsdWU9IndlYlNvY2tldHMiIFJlY29yZGVkVmFsdWU9IndlYlNvY2tldHMiIENvcnJlbGF0aW9uQmluZGluZz0iIiBVcmxFbmNvZGU9IkZhbHNlIiBVc2VUb0dyb3VwUmVzdWx0cz0iRmFsc2UiIC8+DQogICAgICAgIDxRdWVyeVN0cmluZ1BhcmFtZXRlciBOYW1lPSJjb25uZWN0aW9uVG9rZW4iIFZhbHVlPSJBUUFBQU5DTW5kOEJGZEVSakhvQXdFJTJGQ2wlMkJzQkFBQUE0V2FCMHU2RUowR0hzY2NQRnNZN0d3QUFBQUFDQUFBQUFBQVFaZ0FBQUFFQUFDQUFBQUJxanN2MlM2M1hYeGhoQ0RBOGVZQWhJeGkxOUJncVdzRWd5SUNpQzFsWTBRQUFBQUFPZ0FBQUFBSUFBQ0FBQUFBOUpYSlgwZW5OMVZybGc2Qm1ENkY4d2ZJOVVVWSUyRmtoQiUyQjNyaGRISWJMa1RBQUFBQ243bmlEWFhXJTJGbEdMQ3J2S2dBdWFqSyUyRlR5eVY4eFpaQmJEcVhIcUhnTEJobThlSjBoVyUyQjlCTm4wUjlnVXpBN05BQUFBQTdvMU5EVnAxc2RvaWdEaE5vdldBSk11RVJaNDVKaWlPdiUyQnNPeEVtOGhxemlIdUxYRSUyQkNTQjJrJTJGdTg4MVNERWdwak40WVdEUEJXOUVCQ2IzYW0xVnJ3JTNEJTNEIiBSZWNvcmRlZFZhbHVlPSJBUUFBQU5DTW5kOEJGZEVSakhvQXdFJTJGQ2wlMkJzQkFBQUE0V2FCMHU2RUowR0hzY2NQRnNZN0d3QUFBQUFDQUFBQUFBQVFaZ0FBQUFFQUFDQUFBQUJxanN2MlM2M1hYeGhoQ0RBOGVZQWhJeGkxOUJncVdzRWd5SUNpQzFsWTBRQUFBQUFPZ0FBQUFBSUFBQ0FBQUFBOUpYSlgwZW5OMVZybGc2Qm1ENkY4d2ZJOVVVWSUyRmtoQiUyQjNyaGRISWJMa1RBQUFBQ243bmlEWFhXJTJGbEdMQ3J2S2dBdWFqSyUyRlR5eVY4eFpaQmJEcVhIcUhnTEJobThlSjBoVyUyQjlCTm4wUjlnVXpBN05BQUFBQTdvMU5EVnAxc2RvaWdEaE5vdldBSk11RVJaNDVKaWlPdiUyQnNPeEVtOGhxemlIdUxYRSUyQkNTQjJrJTJGdTg4MVNERWdwak40WVdEUEJXOUVCQ2IzYW0xVnJ3JTNEJTNEIiBDb3JyZWxhdGlvbkJpbmRpbmc9IiIgVXJsRW5jb2RlPSJGYWxzZSIgVXNlVG9Hcm91cFJlc3VsdHM9IkZhbHNlIiAvPg0KICAgICAgICA8UXVlcnlTdHJpbmdQYXJhbWV0ZXIgTmFtZT0icmVxdWVzdFVybCIgVmFsdWU9Imh0dHAlM0ElMkYlMkZsb2NhbGhvc3QlM0ExNTg0JTJGIiBSZWNvcmRlZFZhbHVlPSJodHRwJTNBJTJGJTJGbG9jYWxob3N0JTNBMTU4NCUyRiIgQ29ycmVsYXRpb25CaW5kaW5nPSIiIFVybEVuY29kZT0iRmFsc2UiIFVzZVRvR3JvdXBSZXN1bHRzPSJGYWxzZSIgLz4NCiAgICAgICAgPFF1ZXJ5U3RyaW5nUGFyYW1ldGVyIE5hbWU9ImJyb3dzZXJOYW1lIiBWYWx1ZT0iSW50ZXJuZXQrRXhwbG9yZXIiIFJlY29yZGVkVmFsdWU9IkludGVybmV0K0V4cGxvcmVyIiBDb3JyZWxhdGlvbkJpbmRpbmc9IiIgVXJsRW5jb2RlPSJGYWxzZSIgVXNlVG9Hcm91cFJlc3VsdHM9IkZhbHNlIiAvPg0KICAgICAgICA8UXVlcnlTdHJpbmdQYXJhbWV0ZXIgTmFtZT0idXNlckFnZW50IiBWYWx1ZT0iTW96aWxsYSUyRjUuMCsoV2luZG93cytOVCsxMC4wJTNCK1dPVzY0JTNCK1RyaWRlbnQlMkY3LjAlM0IrLk5FVDQuMEMlM0IrLk5FVDQuMEUlM0IrLk5FVCtDTFIrMi4wLjUwNzI3JTNCKy5ORVQrQ0xSKzMuMC4zMDcyOSUzQisuTkVUK0NMUiszLjUuMzA3MjklM0IrcnYlM0ExMS4wKStsaWtlK0dlY2tvIiBSZWNvcmRlZFZhbHVlPSJNb3ppbGxhJTJGNS4wKyhXaW5kb3dzK05UKzEwLjAlM0IrV09XNjQlM0IrVHJpZGVudCUyRjcuMCUzQisuTkVUNC4wQyUzQisuTkVUNC4wRSUzQisuTkVUK0NMUisyLjAuNTA3MjclM0IrLk5FVCtDTFIrMy4wLjMwNzI5JTNCKy5ORVQrQ0xSKzMuNS4zMDcyOSUzQitydiUzQTExLjApK2xpa2UrR2Vja28iIENvcnJlbGF0aW9uQmluZGluZz0iIiBVcmxFbmNvZGU9IkZhbHNlIiBVc2VUb0dyb3VwUmVzdWx0cz0iRmFsc2UiIC8+DQogICAgICAgIDxRdWVyeVN0cmluZ1BhcmFtZXRlciBOYW1lPSJ0aWQiIFZhbHVlPSI0IiBSZWNvcmRlZFZhbHVlPSI0IiBDb3JyZWxhdGlvbkJpbmRpbmc9IiIgVXJsRW5jb2RlPSJGYWxzZSIgVXNlVG9Hcm91cFJlc3VsdHM9IkZhbHNlIiAvPg0KICAgICAgPC9RdWVyeVN0cmluZ1BhcmFtZXRlcnM+DQogICAgPC9SZXF1ZXN0Pg0KICAgIDxSZXF1ZXN0IE1ldGhvZD0iR0VUIiBHdWlkPSIwZTFkZGM4NS1hN2ZiLTQ3NTgtOWY2Yy1hNTk3MzQ4ODZkMTYiIFZlcnNpb249IjEuMSIgVXJsPSJodHRwOi8vbG9jYWxob3N0OjE1ODQvX19icm93c2VyTGluay9yZXF1ZXN0RGF0YS9iMmUxOWVlMjNiOGU0YzE5OWU4MjcwZGViYzgwZjY2MyIgVGhpbmtUaW1lPSIwIiBUaW1lb3V0PSIzMDAiIFBhcnNlRGVwZW5kZW50UmVxdWVzdHM9IlRydWUiIEZvbGxvd1JlZGlyZWN0cz0iVHJ1ZSIgUmVjb3JkUmVzdWx0PSJUcnVlIiBDYWNoZT0iRmFsc2UiIFJlc3BvbnNlVGltZUdvYWw9IjAiIEVuY29kaW5nPSJ1dGYtOCIgRXhwZWN0ZWRIdHRwU3RhdHVzQ29kZT0iMCIgRXhwZWN0ZWRSZXNwb25zZVVybD0iIiBSZXBvcnRpbmdOYW1lPSIiIElnbm9yZUh0dHBTdGF0dXNDb2RlPSJGYWxzZSI+DQogICAgICA8SGVhZGVycz4NCiAgICAgICAgPEhlYWRlciBOYW1lPSJBY2NlcHQiIFZhbHVlPSJhcHBsaWNhdGlvbi9qc29uLCB0ZXh0L2phdmFzY3JpcHQsICovKjsgcT0wLjAxIiAvPg0KICAgICAgICA8SGVhZGVyIE5hbWU9IlgtUmVxdWVzdGVkLVdpdGgiIFZhbHVlPSJYTUxIdHRwUmVxdWVzdCIgLz4NCiAgICAgICAgPEhlYWRlciBOYW1lPSJSZWZlcmVyIiBWYWx1ZT0iaHR0cDovL2xvY2FsaG9zdDoxNTg0LyIgLz4NCiAgICAgIDwvSGVhZGVycz4NCiAgICAgIDxRdWVyeVN0cmluZ1BhcmFtZXRlcnM+DQogICAgICAgIDxRdWVyeVN0cmluZ1BhcmFtZXRlciBOYW1lPSJ2ZXJzaW9uIiBWYWx1ZT0iMiIgUmVjb3JkZWRWYWx1ZT0iMiIgQ29ycmVsYXRpb25CaW5kaW5nPSIiIFVybEVuY29kZT0iRmFsc2UiIFVzZVRvR3JvdXBSZXN1bHRzPSJGYWxzZSIgLz4NCiAgICAgIDwvUXVlcnlTdHJpbmdQYXJhbWV0ZXJzPg0KICAgIDwvUmVxdWVzdD4NCiAgICA8UmVxdWVzdCBNZXRob2Q9IlBPU1QiIEd1aWQ9IjNiZjZjNzZmLTVlMjYtNDhiNC05YmRmLWQ0MDc1MDA5YjNiZCIgVmVyc2lvbj0iMS4xIiBVcmw9Imh0dHA6Ly9sb2NhbGhvc3Q6MTY4MTgvNzE1MjBkZjRkMDhjNDk1YmIzYmRjZDZjY2NmOGU2YmMvYnJvd3NlckxpbmtTaWduYWxSL2Fib3J0IiBUaGlua1RpbWU9IjEiIFRpbWVvdXQ9IjMwMCIgUGFyc2VEZXBlbmRlbnRSZXF1ZXN0cz0iVHJ1ZSIgRm9sbG93UmVkaXJlY3RzPSJUcnVlIiBSZWNvcmRSZXN1bHQ9IlRydWUiIENhY2hlPSJGYWxzZSIgUmVzcG9uc2VUaW1lR29hbD0iMCIgRW5jb2Rpbmc9InV0Zi04IiBFeHBlY3RlZEh0dHBTdGF0dXNDb2RlPSIwIiBFeHBlY3RlZFJlc3BvbnNlVXJsPSIiIFJlcG9ydGluZ05hbWU9IiIgSWdub3JlSHR0cFN0YXR1c0NvZGU9IkZhbHNlIj4NCiAgICAgIDxIZWFkZXJzPg0KICAgICAgICA8SGVhZGVyIE5hbWU9IkFjY2VwdCIgVmFsdWU9InRleHQvcGxhaW4sICovKjsgcT0wLjAxIiAvPg0KICAgICAgICA8SGVhZGVyIE5hbWU9IlJlZmVyZXIiIFZhbHVlPSJodHRwOi8vbG9jYWxob3N0OjE1ODQvIiAvPg0KICAgICAgPC9IZWFkZXJzPg0KICAgICAgPFF1ZXJ5U3RyaW5nUGFyYW1ldGVycz4NCiAgICAgICAgPFF1ZXJ5U3RyaW5nUGFyYW1ldGVyIE5hbWU9InRyYW5zcG9ydCIgVmFsdWU9IndlYlNvY2tldHMiIFJlY29yZGVkVmFsdWU9IndlYlNvY2tldHMiIENvcnJlbGF0aW9uQmluZGluZz0iIiBVcmxFbmNvZGU9IkZhbHNlIiBVc2VUb0dyb3VwUmVzdWx0cz0iRmFsc2UiIC8+DQogICAgICAgIDxRdWVyeVN0cmluZ1BhcmFtZXRlciBOYW1lPSJjb25uZWN0aW9uVG9rZW4iIFZhbHVlPSJBUUFBQU5DTW5kOEJGZEVSakhvQXdFJTJGQ2wlMkJzQkFBQUE0V2FCMHU2RUowR0hzY2NQRnNZN0d3QUFBQUFDQUFBQUFBQVFaZ0FBQUFFQUFDQUFBQUJxanN2MlM2M1hYeGhoQ0RBOGVZQWhJeGkxOUJncVdzRWd5SUNpQzFsWTBRQUFBQUFPZ0FBQUFBSUFBQ0FBQUFBOUpYSlgwZW5OMVZybGc2Qm1ENkY4d2ZJOVVVWSUyRmtoQiUyQjNyaGRISWJMa1RBQUFBQ243bmlEWFhXJTJGbEdMQ3J2S2dBdWFqSyUyRlR5eVY4eFpaQmJEcVhIcUhnTEJobThlSjBoVyUyQjlCTm4wUjlnVXpBN05BQUFBQTdvMU5EVnAxc2RvaWdEaE5vdldBSk11RVJaNDVKaWlPdiUyQnNPeEVtOGhxemlIdUxYRSUyQkNTQjJrJTJGdTg4MVNERWdwak40WVdEUEJXOUVCQ2IzYW0xVnJ3JTNEJTNEIiBSZWNvcmRlZFZhbHVlPSJBUUFBQU5DTW5kOEJGZEVSakhvQXdFJTJGQ2wlMkJzQkFBQUE0V2FCMHU2RUowR0hzY2NQRnNZN0d3QUFBQUFDQUFBQUFBQVFaZ0FBQUFFQUFDQUFBQUJxanN2MlM2M1hYeGhoQ0RBOGVZQWhJeGkxOUJncVdzRWd5SUNpQzFsWTBRQUFBQUFPZ0FBQUFBSUFBQ0FBQUFBOUpYSlgwZW5OMVZybGc2Qm1ENkY4d2ZJOVVVWSUyRmtoQiUyQjNyaGRISWJMa1RBQUFBQ243bmlEWFhXJTJGbEdMQ3J2S2dBdWFqSyUyRlR5eVY4eFpaQmJEcVhIcUhnTEJobThlSjBoVyUyQjlCTm4wUjlnVXpBN05BQUFBQTdvMU5EVnAxc2RvaWdEaE5vdldBSk11RVJaNDVKaWlPdiUyQnNPeEVtOGhxemlIdUxYRSUyQkNTQjJrJTJGdTg4MVNERWdwak40WVdEUEJXOUVCQ2IzYW0xVnJ3JTNEJTNEIiBDb3JyZWxhdGlvbkJpbmRpbmc9IiIgVXJsRW5jb2RlPSJGYWxzZSIgVXNlVG9Hcm91cFJlc3VsdHM9IkZhbHNlIiAvPg0KICAgICAgICA8UXVlcnlTdHJpbmdQYXJhbWV0ZXIgTmFtZT0icmVxdWVzdFVybCIgVmFsdWU9Imh0dHAlM0ElMkYlMkZsb2NhbGhvc3QlM0ExNTg0JTJGIiBSZWNvcmRlZFZhbHVlPSJodHRwJTNBJTJGJTJGbG9jYWxob3N0JTNBMTU4NCUyRiIgQ29ycmVsYXRpb25CaW5kaW5nPSIiIFVybEVuY29kZT0iRmFsc2UiIFVzZVRvR3JvdXBSZXN1bHRzPSJGYWxzZSIgLz4NCiAgICAgICAgPFF1ZXJ5U3RyaW5nUGFyYW1ldGVyIE5hbWU9ImJyb3dzZXJOYW1lIiBWYWx1ZT0iSW50ZXJuZXQrRXhwbG9yZXIiIFJlY29yZGVkVmFsdWU9IkludGVybmV0K0V4cGxvcmVyIiBDb3JyZWxhdGlvbkJpbmRpbmc9IiIgVXJsRW5jb2RlPSJGYWxzZSIgVXNlVG9Hcm91cFJlc3VsdHM9IkZhbHNlIiAvPg0KICAgICAgICA8UXVlcnlTdHJpbmdQYXJhbWV0ZXIgTmFtZT0idXNlckFnZW50IiBWYWx1ZT0iTW96aWxsYSUyRjUuMCsoV2luZG93cytOVCsxMC4wJTNCK1dPVzY0JTNCK1RyaWRlbnQlMkY3LjAlM0IrLk5FVDQuMEMlM0IrLk5FVDQuMEUlM0IrLk5FVCtDTFIrMi4wLjUwNzI3JTNCKy5ORVQrQ0xSKzMuMC4zMDcyOSUzQisuTkVUK0NMUiszLjUuMzA3MjklM0IrcnYlM0ExMS4wKStsaWtlK0dlY2tvIiBSZWNvcmRlZFZhbHVlPSJNb3ppbGxhJTJGNS4wKyhXaW5kb3dzK05UKzEwLjAlM0IrV09XNjQlM0IrVHJpZGVudCUyRjcuMCUzQisuTkVUNC4wQyUzQisuTkVUNC4wRSUzQisuTkVUK0NMUisyLjAuNTA3MjclM0IrLk5FVCtDTFIrMy4wLjMwNzI5JTNCKy5ORVQrQ0xSKzMuNS4zMDcyOSUzQitydiUzQTExLjApK2xpa2UrR2Vja28iIENvcnJlbGF0aW9uQmluZGluZz0iIiBVcmxFbmNvZGU9IkZhbHNlIiBVc2VUb0dyb3VwUmVzdWx0cz0iRmFsc2UiIC8+DQogICAgICA8L1F1ZXJ5U3RyaW5nUGFyYW1ldGVycz4NCiAgICAgIDxGb3JtUG9zdEh0dHBCb2R5IC8+DQogICAgPC9SZXF1ZXN0Pg0KICAgIDxSZXF1ZXN0IE1ldGhvZD0iUE9TVCIgR3VpZD0iZWNkODg0ZDctZTMwMS00N2UxLTg4MzktZDVlNGRmNDBjODUwIiBWZXJzaW9uPSIxLjEiIFVybD0iaHR0cDovL2xvY2FsaG9zdDoxNjgxOC83MTUyMGRmNGQwOGM0OTViYjNiZGNkNmNjY2Y4ZTZiYy9icm93c2VyTGlua1NpZ25hbFIvbmVnb3RpYXRlIiBUaGlua1RpbWU9IjEyIiBUaW1lb3V0PSIzMDAiIFBhcnNlRGVwZW5kZW50UmVxdWVzdHM9IlRydWUiIEZvbGxvd1JlZGlyZWN0cz0iVHJ1ZSIgUmVjb3JkUmVzdWx0PSJUcnVlIiBDYWNoZT0iRmFsc2UiIFJlc3BvbnNlVGltZUdvYWw9IjAiIEVuY29kaW5nPSJ1dGYtOCIgRXhwZWN0ZWRIdHRwU3RhdHVzQ29kZT0iMCIgRXhwZWN0ZWRSZXNwb25zZVVybD0iIiBSZXBvcnRpbmdOYW1lPSIiIElnbm9yZUh0dHBTdGF0dXNDb2RlPSJGYWxzZSI+DQogICAgICA8SGVhZGVycz4NCiAgICAgICAgPEhlYWRlciBOYW1lPSJDb250ZW50LVR5cGUiIFZhbHVlPSJhcHBsaWNhdGlvbi94LXd3dy1mb3JtLXVybGVuY29kZWQ7IGNoYXJzZXQ9VVRGLTgiIC8+DQogICAgICAgIDxIZWFkZXIgTmFtZT0iQWNjZXB0IiBWYWx1ZT0idGV4dC9wbGFpbiwgKi8qOyBxPTAuMDEiIC8+DQogICAgICAgIDxIZWFkZXIgTmFtZT0iUmVmZXJlciIgVmFsdWU9Imh0dHA6Ly9sb2NhbGhvc3Q6MTU4NC9FbXBsb3llZXMiIC8+DQogICAgICA8L0hlYWRlcnM+DQogICAgICA8UXVlcnlTdHJpbmdQYXJhbWV0ZXJzPg0KICAgICAgICA8UXVlcnlTdHJpbmdQYXJhbWV0ZXIgTmFtZT0icmVxdWVzdFVybCIgVmFsdWU9Imh0dHAlM0ElMkYlMkZsb2NhbGhvc3QlM0ExNTg0JTJGRW1wbG95ZWVzIiBSZWNvcmRlZFZhbHVlPSJodHRwJTNBJTJGJTJGbG9jYWxob3N0JTNBMTU4NCUyRkVtcGxveWVlcyIgQ29ycmVsYXRpb25CaW5kaW5nPSIiIFVybEVuY29kZT0iRmFsc2UiIFVzZVRvR3JvdXBSZXN1bHRzPSJGYWxzZSIgLz4NCiAgICAgICAgPFF1ZXJ5U3RyaW5nUGFyYW1ldGVyIE5hbWU9ImJyb3dzZXJOYW1lIiBWYWx1ZT0iSW50ZXJuZXQrRXhwbG9yZXIiIFJlY29yZGVkVmFsdWU9IkludGVybmV0K0V4cGxvcmVyIiBDb3JyZWxhdGlvbkJpbmRpbmc9IiIgVXJsRW5jb2RlPSJGYWxzZSIgVXNlVG9Hcm91cFJlc3VsdHM9IkZhbHNlIiAvPg0KICAgICAgICA8UXVlcnlTdHJpbmdQYXJhbWV0ZXIgTmFtZT0idXNlckFnZW50IiBWYWx1ZT0iTW96aWxsYSUyRjUuMCsoV2luZG93cytOVCsxMC4wJTNCK1dPVzY0JTNCK1RyaWRlbnQlMkY3LjAlM0IrLk5FVDQuMEMlM0IrLk5FVDQuMEUlM0IrLk5FVCtDTFIrMi4wLjUwNzI3JTNCKy5ORVQrQ0xSKzMuMC4zMDcyOSUzQisuTkVUK0NMUiszLjUuMzA3MjklM0IrcnYlM0ExMS4wKStsaWtlK0dlY2tvIiBSZWNvcmRlZFZhbHVlPSJNb3ppbGxhJTJGNS4wKyhXaW5kb3dzK05UKzEwLjAlM0IrV09XNjQlM0IrVHJpZGVudCUyRjcuMCUzQisuTkVUNC4wQyUzQisuTkVUNC4wRSUzQisuTkVUK0NMUisyLjAuNTA3MjclM0IrLk5FVCtDTFIrMy4wLjMwNzI5JTNCKy5ORVQrQ0xSKzMuNS4zMDcyOSUzQitydiUzQTExLjApK2xpa2UrR2Vja28iIENvcnJlbGF0aW9uQmluZGluZz0iIiBVcmxFbmNvZGU9IkZhbHNlIiBVc2VUb0dyb3VwUmVzdWx0cz0iRmFsc2UiIC8+DQogICAgICAgIDxRdWVyeVN0cmluZ1BhcmFtZXRlciBOYW1lPSJjbGllbnRQcm90b2NvbCIgVmFsdWU9IjEuMyIgUmVjb3JkZWRWYWx1ZT0iMS4zIiBDb3JyZWxhdGlvbkJpbmRpbmc9IiIgVXJsRW5jb2RlPSJGYWxzZSIgVXNlVG9Hcm91cFJlc3VsdHM9IkZhbHNlIiAvPg0KICAgICAgICA8UXVlcnlTdHJpbmdQYXJhbWV0ZXIgTmFtZT0iXyIgVmFsdWU9IjE0ODA1NTM3ODU4MjEiIFJlY29yZGVkVmFsdWU9IjE0ODA1NTM3ODU4MjEiIENvcnJlbGF0aW9uQmluZGluZz0iIiBVcmxFbmNvZGU9IkZhbHNlIiBVc2VUb0dyb3VwUmVzdWx0cz0iRmFsc2UiIC8+DQogICAgICA8L1F1ZXJ5U3RyaW5nUGFyYW1ldGVycz4NCiAgICAgIDxGb3JtUG9zdEh0dHBCb2R5IC8+DQogICAgPC9SZXF1ZXN0Pg0KICAgIDxSZXF1ZXN0IE1ldGhvZD0iR0VUIiBHdWlkPSI1YWU2YjhiOC05OThkLTRiMGUtYTJmYS1hYTk2N2JkNTBjYzkiIFZlcnNpb249IjEuMSIgVXJsPSJodHRwOi8vbG9jYWxob3N0OjE1ODQvRW1wbG95ZWVzL0NyZWF0ZSIgVGhpbmtUaW1lPSIwIiBUaW1lb3V0PSIzMDAiIFBhcnNlRGVwZW5kZW50UmVxdWVzdHM9IlRydWUiIEZvbGxvd1JlZGlyZWN0cz0iVHJ1ZSIgUmVjb3JkUmVzdWx0PSJUcnVlIiBDYWNoZT0iRmFsc2UiIFJlc3BvbnNlVGltZUdvYWw9IjAiIEVuY29kaW5nPSJ1dGYtOCIgRXhwZWN0ZWRIdHRwU3RhdHVzQ29kZT0iMCIgRXhwZWN0ZWRSZXNwb25zZVVybD0iIiBSZXBvcnRpbmdOYW1lPSIiIElnbm9yZUh0dHBTdGF0dXNDb2RlPSJGYWxzZSI+DQogICAgICA8SGVhZGVycz4NCiAgICAgICAgPEhlYWRlciBOYW1lPSJSZWZlcmVyIiBWYWx1ZT0iaHR0cDovL2xvY2FsaG9zdDoxNTg0L0VtcGxveWVlcyIgLz4NCiAgICAgIDwvSGVhZGVycz4NCiAgICAgIDxFeHRyYWN0aW9uUnVsZXM+DQogICAgICAgIDxFeHRyYWN0aW9uUnVsZSBDbGFzc25hbWU9Ik1pY3Jvc29mdC5WaXN1YWxTdHVkaW8uVGVzdFRvb2xzLldlYlRlc3RpbmcuUnVsZXMuRXh0cmFjdEhpZGRlbkZpZWxkcywgTWljcm9zb2Z0LlZpc3VhbFN0dWRpby5RdWFsaXR5VG9vbHMuV2ViVGVzdEZyYW1ld29yaywgVmVyc2lvbj0xMC4wLjAuMCwgQ3VsdHVyZT1uZXV0cmFsLCBQdWJsaWNLZXlUb2tlbj1iMDNmNWY3ZjExZDUwYTNhIiBWYXJpYWJsZU5hbWU9IjEiIERpc3BsYXlOYW1lPSJFeHRyYWN0IEhpZGRlbiBGaWVsZHMiIERlc2NyaXB0aW9uPSJFeHRyYWN0IGFsbCBoaWRkZW4gZmllbGRzIGZyb20gdGhlIHJlc3BvbnNlIGFuZCBwbGFjZSB0aGVtIGludG8gdGhlIHRlc3QgY29udGV4dC4iPg0KICAgICAgICAgIDxSdWxlUGFyYW1ldGVycz4NCiAgICAgICAgICAgIDxSdWxlUGFyYW1ldGVyIE5hbWU9IlJlcXVpcmVkIiBWYWx1ZT0iVHJ1ZSIgLz4NCiAgICAgICAgICAgIDxSdWxlUGFyYW1ldGVyIE5hbWU9Ikh0bWxEZWNvZGUiIFZhbHVlPSJUcnVlIiAvPg0KICAgICAgICAgIDwvUnVsZVBhcmFtZXRlcnM+DQogICAgICAgIDwvRXh0cmFjdGlvblJ1bGU+DQogICAgICA8L0V4dHJhY3Rpb25SdWxlcz4NCiAgICA8L1JlcXVlc3Q+DQogICAgPFJlcXVlc3QgTWV0aG9kPSJHRVQiIEd1aWQ9IjM4YzAyMGU0LTAwYzctNDc5NC05Y2M1LTQwMzY3NDUwYTdiZiIgVmVyc2lvbj0iMS4xIiBVcmw9Imh0dHA6Ly9sb2NhbGhvc3Q6MTY4MTgvNzE1MjBkZjRkMDhjNDk1YmIzYmRjZDZjY2NmOGU2YmMvYnJvd3NlckxpbmtTaWduYWxSL2Nvbm5lY3QiIFRoaW5rVGltZT0iMCIgVGltZW91dD0iMzAwIiBQYXJzZURlcGVuZGVudFJlcXVlc3RzPSJUcnVlIiBGb2xsb3dSZWRpcmVjdHM9IlRydWUiIFJlY29yZFJlc3VsdD0iVHJ1ZSIgQ2FjaGU9IkZhbHNlIiBSZXNwb25zZVRpbWVHb2FsPSIwIiBFbmNvZGluZz0idXRmLTgiIEV4cGVjdGVkSHR0cFN0YXR1c0NvZGU9IjAiIEV4cGVjdGVkUmVzcG9uc2VVcmw9IiIgUmVwb3J0aW5nTmFtZT0iIiBJZ25vcmVIdHRwU3RhdHVzQ29kZT0iRmFsc2UiPg0KICAgICAgPFF1ZXJ5U3RyaW5nUGFyYW1ldGVycz4NCiAgICAgICAgPFF1ZXJ5U3RyaW5nUGFyYW1ldGVyIE5hbWU9InRyYW5zcG9ydCIgVmFsdWU9IndlYlNvY2tldHMiIFJlY29yZGVkVmFsdWU9IndlYlNvY2tldHMiIENvcnJlbGF0aW9uQmluZGluZz0iIiBVcmxFbmNvZGU9IkZhbHNlIiBVc2VUb0dyb3VwUmVzdWx0cz0iRmFsc2UiIC8+DQogICAgICAgIDxRdWVyeVN0cmluZ1BhcmFtZXRlciBOYW1lPSJjb25uZWN0aW9uVG9rZW4iIFZhbHVlPSJBUUFBQU5DTW5kOEJGZEVSakhvQXdFJTJGQ2wlMkJzQkFBQUE0V2FCMHU2RUowR0hzY2NQRnNZN0d3QUFBQUFDQUFBQUFBQVFaZ0FBQUFFQUFDQUFBQUJ1UWhITG1iJTJGVEVtM2ZURVlscll4R3h5cUFmQWJjZXAxTlAlMkJkdyUyQkh2ZmVBQUFBQUFPZ0FBQUFBSUFBQ0FBQUFCN2FwYUwlMkJNS2RzVnVERkNSeGxvWk5mWiUyQkFLY3dnRTNTeVNFelRiUTlhSFRBQUFBQUFzcjR4d0E3amFDZzZUdXFzQjVDNHJ1eDdDOGtaV3RodWFPUkElMkZZMVJJVkpGU3VjbGVoaFZtbiUyRlVrMSUyRkx2a0pBQUFBQWtuOUZkcUxiSXM4Sk9BODVOclF6TCUyRlVpa3hsNHBjNjliVXFEbE5rWUZVUEI1MXVYbWpqd2xsbXlXOU42M0tMU3dIVjBqd1glMkY5MHNkdFdpUXpxSWlLdyUzRCUzRCIgUmVjb3JkZWRWYWx1ZT0iQVFBQUFOQ01uZDhCRmRFUmpIb0F3RSUyRkNsJTJCc0JBQUFBNFdhQjB1NkVKMEdIc2NjUEZzWTdHd0FBQUFBQ0FBQUFBQUFRWmdBQUFBRUFBQ0FBQUFCdVFoSExtYiUyRlRFbTNmVEVZbHJZeEd4eXFBZkFiY2VwMU5QJTJCZHclMkJIdmZlQUFBQUFBT2dBQUFBQUlBQUNBQUFBQjdhcGFMJTJCTUtkc1Z1REZDUnhsb1pOZlolMkJBS2N3Z0UzU3lTRXpUYlE5YUhUQUFBQUFBc3I0eHdBN2phQ2c2VHVxc0I1QzRydXg3QzhrWld0aHVhT1JBJTJGWTFSSVZKRlN1Y2xlaGhWbW4lMkZVazElMkZMdmtKQUFBQUFrbjlGZHFMYklzOEpPQTg1TnJRekwlMkZVaWt4bDRwYzY5YlVxRGxOa1lGVVBCNTF1WG1qandsbG15VzlONjNLTFN3SFYwandYJTJGOTBzZHRXaVF6cUlpS3clM0QlM0QiIENvcnJlbGF0aW9uQmluZGluZz0iIiBVcmxFbmNvZGU9IkZhbHNlIiBVc2VUb0dyb3VwUmVzdWx0cz0iRmFsc2UiIC8+DQogICAgICAgIDxRdWVyeVN0cmluZ1BhcmFtZXRlciBOYW1lPSJyZXF1ZXN0VXJsIiBWYWx1ZT0iaHR0cCUzQSUyRiUyRmxvY2FsaG9zdCUzQTE1ODQlMkZFbXBsb3llZXMiIFJlY29yZGVkVmFsdWU9Imh0dHAlM0ElMkYlMkZsb2NhbGhvc3QlM0ExNTg0JTJGRW1wbG95ZWVzIiBDb3JyZWxhdGlvbkJpbmRpbmc9IiIgVXJsRW5jb2RlPSJGYWxzZSIgVXNlVG9Hcm91cFJlc3VsdHM9IkZhbHNlIiAvPg0KICAgICAgICA8UXVlcnlTdHJpbmdQYXJhbWV0ZXIgTmFtZT0iYnJvd3Nlck5hbWUiIFZhbHVlPSJJbnRlcm5ldCtFeHBsb3JlciIgUmVjb3JkZWRWYWx1ZT0iSW50ZXJuZXQrRXhwbG9yZXIiIENvcnJlbGF0aW9uQmluZGluZz0iIiBVcmxFbmNvZGU9IkZhbHNlIiBVc2VUb0dyb3VwUmVzdWx0cz0iRmFsc2UiIC8+DQogICAgICAgIDxRdWVyeVN0cmluZ1BhcmFtZXRlciBOYW1lPSJ1c2VyQWdlbnQiIFZhbHVlPSJNb3ppbGxhJTJGNS4wKyhXaW5kb3dzK05UKzEwLjAlM0IrV09XNjQlM0IrVHJpZGVudCUyRjcuMCUzQisuTkVUNC4wQyUzQisuTkVUNC4wRSUzQisuTkVUK0NMUisyLjAuNTA3MjclM0IrLk5FVCtDTFIrMy4wLjMwNzI5JTNCKy5ORVQrQ0xSKzMuNS4zMDcyOSUzQitydiUzQTExLjApK2xpa2UrR2Vja28iIFJlY29yZGVkVmFsdWU9Ik1vemlsbGElMkY1LjArKFdpbmRvd3MrTlQrMTAuMCUzQitXT1c2NCUzQitUcmlkZW50JTJGNy4wJTNCKy5ORVQ0LjBDJTNCKy5ORVQ0LjBFJTNCKy5ORVQrQ0xSKzIuMC41MDcyNyUzQisuTkVUK0NMUiszLjAuMzA3MjklM0IrLk5FVCtDTFIrMy41LjMwNzI5JTNCK3J2JTNBMTEuMCkrbGlrZStHZWNrbyIgQ29ycmVsYXRpb25CaW5kaW5nPSIiIFVybEVuY29kZT0iRmFsc2UiIFVzZVRvR3JvdXBSZXN1bHRzPSJGYWxzZSIgLz4NCiAgICAgICAgPFF1ZXJ5U3RyaW5nUGFyYW1ldGVyIE5hbWU9InRpZCIgVmFsdWU9IjEiIFJlY29yZGVkVmFsdWU9IjEiIENvcnJlbGF0aW9uQmluZGluZz0iIiBVcmxFbmNvZGU9IkZhbHNlIiBVc2VUb0dyb3VwUmVzdWx0cz0iRmFsc2UiIC8+DQogICAgICA8L1F1ZXJ5U3RyaW5nUGFyYW1ldGVycz4NCiAgICA8L1JlcXVlc3Q+DQogICAgPFJlcXVlc3QgTWV0aG9kPSJHRVQiIEd1aWQ9IjNjOWNlYWMyLTllOWMtNGJjZC1iM2IzLTBhNTNiY2JmZmM4YSIgVmVyc2lvbj0iMS4xIiBVcmw9Imh0dHA6Ly9sb2NhbGhvc3Q6MTU4NC9fX2Jyb3dzZXJMaW5rL3JlcXVlc3REYXRhL2IyN2FiYmNlZGU5MzQ5N2M4OGEzNDY4ODYzYTI0YzE4IiBUaGlua1RpbWU9IjAiIFRpbWVvdXQ9IjMwMCIgUGFyc2VEZXBlbmRlbnRSZXF1ZXN0cz0iVHJ1ZSIgRm9sbG93UmVkaXJlY3RzPSJUcnVlIiBSZWNvcmRSZXN1bHQ9IlRydWUiIENhY2hlPSJGYWxzZSIgUmVzcG9uc2VUaW1lR29hbD0iMCIgRW5jb2Rpbmc9InV0Zi04IiBFeHBlY3RlZEh0dHBTdGF0dXNDb2RlPSIwIiBFeHBlY3RlZFJlc3BvbnNlVXJsPSIiIFJlcG9ydGluZ05hbWU9IiIgSWdub3JlSHR0cFN0YXR1c0NvZGU9IkZhbHNlIj4NCiAgICAgIDxIZWFkZXJzPg0KICAgICAgICA8SGVhZGVyIE5hbWU9IkFjY2VwdCIgVmFsdWU9ImFwcGxpY2F0aW9uL2pzb24sIHRleHQvamF2YXNjcmlwdCwgKi8qOyBxPTAuMDEiIC8+DQogICAgICAgIDxIZWFkZXIgTmFtZT0iWC1SZXF1ZXN0ZWQtV2l0aCIgVmFsdWU9IlhNTEh0dHBSZXF1ZXN0IiAvPg0KICAgICAgICA8SGVhZGVyIE5hbWU9IlJlZmVyZXIiIFZhbHVlPSJodHRwOi8vbG9jYWxob3N0OjE1ODQvRW1wbG95ZWVzIiAvPg0KICAgICAgPC9IZWFkZXJzPg0KICAgICAgPFF1ZXJ5U3RyaW5nUGFyYW1ldGVycz4NCiAgICAgICAgPFF1ZXJ5U3RyaW5nUGFyYW1ldGVyIE5hbWU9InZlcnNpb24iIFZhbHVlPSIyIiBSZWNvcmRlZFZhbHVlPSIyIiBDb3JyZWxhdGlvbkJpbmRpbmc9IiIgVXJsRW5jb2RlPSJGYWxzZSIgVXNlVG9Hcm91cFJlc3VsdHM9IkZhbHNlIiAvPg0KICAgICAgPC9RdWVyeVN0cmluZ1BhcmFtZXRlcnM+DQogICAgPC9SZXF1ZXN0Pg0KICAgIDxSZXF1ZXN0IE1ldGhvZD0iUE9TVCIgR3VpZD0iMTY3YjYxZGQtNWYzYy00N2YwLTg2MGItNjdmODAwNDU1YjMzIiBWZXJzaW9uPSIxLjEiIFVybD0iaHR0cDovL2xvY2FsaG9zdDoxNjgxOC83MTUyMGRmNGQwOGM0OTViYjNiZGNkNmNjY2Y4ZTZiYy9icm93c2VyTGlua1NpZ25hbFIvYWJvcnQiIFRoaW5rVGltZT0iMSIgVGltZW91dD0iMzAwIiBQYXJzZURlcGVuZGVudFJlcXVlc3RzPSJUcnVlIiBGb2xsb3dSZWRpcmVjdHM9IlRydWUiIFJlY29yZFJlc3VsdD0iVHJ1ZSIgQ2FjaGU9IkZhbHNlIiBSZXNwb25zZVRpbWVHb2FsPSIwIiBFbmNvZGluZz0idXRmLTgiIEV4cGVjdGVkSHR0cFN0YXR1c0NvZGU9IjAiIEV4cGVjdGVkUmVzcG9uc2VVcmw9IiIgUmVwb3J0aW5nTmFtZT0iIiBJZ25vcmVIdHRwU3RhdHVzQ29kZT0iRmFsc2UiPg0KICAgICAgPEhlYWRlcnM+DQogICAgICAgIDxIZWFkZXIgTmFtZT0iQWNjZXB0IiBWYWx1ZT0idGV4dC9wbGFpbiwgKi8qOyBxPTAuMDEiIC8+DQogICAgICAgIDxIZWFkZXIgTmFtZT0iUmVmZXJlciIgVmFsdWU9Imh0dHA6Ly9sb2NhbGhvc3Q6MTU4NC9FbXBsb3llZXMiIC8+DQogICAgICA8L0hlYWRlcnM+DQogICAgICA8UXVlcnlTdHJpbmdQYXJhbWV0ZXJzPg0KICAgICAgICA8UXVlcnlTdHJpbmdQYXJhbWV0ZXIgTmFtZT0idHJhbnNwb3J0IiBWYWx1ZT0id2ViU29ja2V0cyIgUmVjb3JkZWRWYWx1ZT0id2ViU29ja2V0cyIgQ29ycmVsYXRpb25CaW5kaW5nPSIiIFVybEVuY29kZT0iRmFsc2UiIFVzZVRvR3JvdXBSZXN1bHRzPSJGYWxzZSIgLz4NCiAgICAgICAgPFF1ZXJ5U3RyaW5nUGFyYW1ldGVyIE5hbWU9ImNvbm5lY3Rpb25Ub2tlbiIgVmFsdWU9IkFRQUFBTkNNbmQ4QkZkRVJqSG9Bd0UlMkZDbCUyQnNCQUFBQTRXYUIwdTZFSjBHSHNjY1BGc1k3R3dBQUFBQUNBQUFBQUFBUVpnQUFBQUVBQUNBQUFBQnVRaEhMbWIlMkZURW0zZlRFWWxyWXhHeHlxQWZBYmNlcDFOUCUyQmR3JTJCSHZmZUFBQUFBQU9nQUFBQUFJQUFDQUFBQUI3YXBhTCUyQk1LZHNWdURGQ1J4bG9aTmZaJTJCQUtjd2dFM1N5U0V6VGJROWFIVEFBQUFBQXNyNHh3QTdqYUNnNlR1cXNCNUM0cnV4N0M4a1pXdGh1YU9SQSUyRlkxUklWSkZTdWNsZWhoVm1uJTJGVWsxJTJGTHZrSkFBQUFBa245RmRxTGJJczhKT0E4NU5yUXpMJTJGVWlreGw0cGM2OWJVcURsTmtZRlVQQjUxdVhtamp3bGxteVc5TjYzS0xTd0hWMGp3WCUyRjkwc2R0V2lRenFJaUt3JTNEJTNEIiBSZWNvcmRlZFZhbHVlPSJBUUFBQU5DTW5kOEJGZEVSakhvQXdFJTJGQ2wlMkJzQkFBQUE0V2FCMHU2RUowR0hzY2NQRnNZN0d3QUFBQUFDQUFBQUFBQVFaZ0FBQUFFQUFDQUFBQUJ1UWhITG1iJTJGVEVtM2ZURVlscll4R3h5cUFmQWJjZXAxTlAlMkJkdyUyQkh2ZmVBQUFBQUFPZ0FBQUFBSUFBQ0FBQUFCN2FwYUwlMkJNS2RzVnVERkNSeGxvWk5mWiUyQkFLY3dnRTNTeVNFelRiUTlhSFRBQUFBQUFzcjR4d0E3amFDZzZUdXFzQjVDNHJ1eDdDOGtaV3RodWFPUkElMkZZMVJJVkpGU3VjbGVoaFZtbiUyRlVrMSUyRkx2a0pBQUFBQWtuOUZkcUxiSXM4Sk9BODVOclF6TCUyRlVpa3hsNHBjNjliVXFEbE5rWUZVUEI1MXVYbWpqd2xsbXlXOU42M0tMU3dIVjBqd1glMkY5MHNkdFdpUXpxSWlLdyUzRCUzRCIgQ29ycmVsYXRpb25CaW5kaW5nPSIiIFVybEVuY29kZT0iRmFsc2UiIFVzZVRvR3JvdXBSZXN1bHRzPSJGYWxzZSIgLz4NCiAgICAgICAgPFF1ZXJ5U3RyaW5nUGFyYW1ldGVyIE5hbWU9InJlcXVlc3RVcmwiIFZhbHVlPSJodHRwJTNBJTJGJTJGbG9jYWxob3N0JTNBMTU4NCUyRkVtcGxveWVlcyIgUmVjb3JkZWRWYWx1ZT0iaHR0cCUzQSUyRiUyRmxvY2FsaG9zdCUzQTE1ODQlMkZFbXBsb3llZXMiIENvcnJlbGF0aW9uQmluZGluZz0iIiBVcmxFbmNvZGU9IkZhbHNlIiBVc2VUb0dyb3VwUmVzdWx0cz0iRmFsc2UiIC8+DQogICAgICAgIDxRdWVyeVN0cmluZ1BhcmFtZXRlciBOYW1lPSJicm93c2VyTmFtZSIgVmFsdWU9IkludGVybmV0K0V4cGxvcmVyIiBSZWNvcmRlZFZhbHVlPSJJbnRlcm5ldCtFeHBsb3JlciIgQ29ycmVsYXRpb25CaW5kaW5nPSIiIFVybEVuY29kZT0iRmFsc2UiIFVzZVRvR3JvdXBSZXN1bHRzPSJGYWxzZSIgLz4NCiAgICAgICAgPFF1ZXJ5U3RyaW5nUGFyYW1ldGVyIE5hbWU9InVzZXJBZ2VudCIgVmFsdWU9Ik1vemlsbGElMkY1LjArKFdpbmRvd3MrTlQrMTAuMCUzQitXT1c2NCUzQitUcmlkZW50JTJGNy4wJTNCKy5ORVQ0LjBDJTNCKy5ORVQ0LjBFJTNCKy5ORVQrQ0xSKzIuMC41MDcyNyUzQisuTkVUK0NMUiszLjAuMzA3MjklM0IrLk5FVCtDTFIrMy41LjMwNzI5JTNCK3J2JTNBMTEuMCkrbGlrZStHZWNrbyIgUmVjb3JkZWRWYWx1ZT0iTW96aWxsYSUyRjUuMCsoV2luZG93cytOVCsxMC4wJTNCK1dPVzY0JTNCK1RyaWRlbnQlMkY3LjAlM0IrLk5FVDQuMEMlM0IrLk5FVDQuMEUlM0IrLk5FVCtDTFIrMi4wLjUwNzI3JTNCKy5ORVQrQ0xSKzMuMC4zMDcyOSUzQisuTkVUK0NMUiszLjUuMzA3MjklM0IrcnYlM0ExMS4wKStsaWtlK0dlY2tvIiBDb3JyZWxhdGlvbkJpbmRpbmc9IiIgVXJsRW5jb2RlPSJGYWxzZSIgVXNlVG9Hcm91cFJlc3VsdHM9IkZhbHNlIiAvPg0KICAgICAgPC9RdWVyeVN0cmluZ1BhcmFtZXRlcnM+DQogICAgICA8Rm9ybVBvc3RIdHRwQm9keSAvPg0KICAgIDwvUmVxdWVzdD4NCiAgICA8UmVxdWVzdCBNZXRob2Q9IlBPU1QiIEd1aWQ9IjFhNTgwMTYyLTEwNTMtNGNjZC04NWViLWEzNzY5YzRmYTY2ZSIgVmVyc2lvbj0iMS4xIiBVcmw9Imh0dHA6Ly9sb2NhbGhvc3Q6MTY4MTgvNzE1MjBkZjRkMDhjNDk1YmIzYmRjZDZjY2NmOGU2YmMvYnJvd3NlckxpbmtTaWduYWxSL25lZ290aWF0ZSIgVGhpbmtUaW1lPSI3IiBUaW1lb3V0PSIzMDAiIFBhcnNlRGVwZW5kZW50UmVxdWVzdHM9IlRydWUiIEZvbGxvd1JlZGlyZWN0cz0iVHJ1ZSIgUmVjb3JkUmVzdWx0PSJUcnVlIiBDYWNoZT0iRmFsc2UiIFJlc3BvbnNlVGltZUdvYWw9IjAiIEVuY29kaW5nPSJ1dGYtOCIgRXhwZWN0ZWRIdHRwU3RhdHVzQ29kZT0iMCIgRXhwZWN0ZWRSZXNwb25zZVVybD0iIiBSZXBvcnRpbmdOYW1lPSIiIElnbm9yZUh0dHBTdGF0dXNDb2RlPSJGYWxzZSI+DQogICAgICA8SGVhZGVycz4NCiAgICAgICAgPEhlYWRlciBOYW1lPSJDb250ZW50LVR5cGUiIFZhbHVlPSJhcHBsaWNhdGlvbi94LXd3dy1mb3JtLXVybGVuY29kZWQ7IGNoYXJzZXQ9VVRGLTgiIC8+DQogICAgICAgIDxIZWFkZXIgTmFtZT0iQWNjZXB0IiBWYWx1ZT0idGV4dC9wbGFpbiwgKi8qOyBxPTAuMDEiIC8+DQogICAgICAgIDxIZWFkZXIgTmFtZT0iUmVmZXJlciIgVmFsdWU9Imh0dHA6Ly9sb2NhbGhvc3Q6MTU4NC9FbXBsb3llZXMvQ3JlYXRlIiAvPg0KICAgICAgPC9IZWFkZXJzPg0KICAgICAgPFF1ZXJ5U3RyaW5nUGFyYW1ldGVycz4NCiAgICAgICAgPFF1ZXJ5U3RyaW5nUGFyYW1ldGVyIE5hbWU9InJlcXVlc3RVcmwiIFZhbHVlPSJodHRwJTNBJTJGJTJGbG9jYWxob3N0JTNBMTU4NCUyRkVtcGxveWVlcyUyRkNyZWF0ZSIgUmVjb3JkZWRWYWx1ZT0iaHR0cCUzQSUyRiUyRmxvY2FsaG9zdCUzQTE1ODQlMkZFbXBsb3llZXMlMkZDcmVhdGUiIENvcnJlbGF0aW9uQmluZGluZz0iIiBVcmxFbmNvZGU9IkZhbHNlIiBVc2VUb0dyb3VwUmVzdWx0cz0iRmFsc2UiIC8+DQogICAgICAgIDxRdWVyeVN0cmluZ1BhcmFtZXRlciBOYW1lPSJicm93c2VyTmFtZSIgVmFsdWU9IkludGVybmV0K0V4cGxvcmVyIiBSZWNvcmRlZFZhbHVlPSJJbnRlcm5ldCtFeHBsb3JlciIgQ29ycmVsYXRpb25CaW5kaW5nPSIiIFVybEVuY29kZT0iRmFsc2UiIFVzZVRvR3JvdXBSZXN1bHRzPSJGYWxzZSIgLz4NCiAgICAgICAgPFF1ZXJ5U3RyaW5nUGFyYW1ldGVyIE5hbWU9InVzZXJBZ2VudCIgVmFsdWU9Ik1vemlsbGElMkY1LjArKFdpbmRvd3MrTlQrMTAuMCUzQitXT1c2NCUzQitUcmlkZW50JTJGNy4wJTNCKy5ORVQ0LjBDJTNCKy5ORVQ0LjBFJTNCKy5ORVQrQ0xSKzIuMC41MDcyNyUzQisuTkVUK0NMUiszLjAuMzA3MjklM0IrLk5FVCtDTFIrMy41LjMwNzI5JTNCK3J2JTNBMTEuMCkrbGlrZStHZWNrbyIgUmVjb3JkZWRWYWx1ZT0iTW96aWxsYSUyRjUuMCsoV2luZG93cytOVCsxMC4wJTNCK1dPVzY0JTNCK1RyaWRlbnQlMkY3LjAlM0IrLk5FVDQuMEMlM0IrLk5FVDQuMEUlM0IrLk5FVCtDTFIrMi4wLjUwNzI3JTNCKy5ORVQrQ0xSKzMuMC4zMDcyOSUzQisuTkVUK0NMUiszLjUuMzA3MjklM0IrcnYlM0ExMS4wKStsaWtlK0dlY2tvIiBDb3JyZWxhdGlvbkJpbmRpbmc9IiIgVXJsRW5jb2RlPSJGYWxzZSIgVXNlVG9Hcm91cFJlc3VsdHM9IkZhbHNlIiAvPg0KICAgICAgICA8UXVlcnlTdHJpbmdQYXJhbWV0ZXIgTmFtZT0iY2xpZW50UHJvdG9jb2wiIFZhbHVlPSIxLjMiIFJlY29yZGVkVmFsdWU9IjEuMyIgQ29ycmVsYXRpb25CaW5kaW5nPSIiIFVybEVuY29kZT0iRmFsc2UiIFVzZVRvR3JvdXBSZXN1bHRzPSJGYWxzZSIgLz4NCiAgICAgICAgPFF1ZXJ5U3RyaW5nUGFyYW1ldGVyIE5hbWU9Il8iIFZhbHVlPSIxNDgwNTUzNzk4OTE5IiBSZWNvcmRlZFZhbHVlPSIxNDgwNTUzNzk4OTE5IiBDb3JyZWxhdGlvbkJpbmRpbmc9IiIgVXJsRW5jb2RlPSJGYWxzZSIgVXNlVG9Hcm91cFJlc3VsdHM9IkZhbHNlIiAvPg0KICAgICAgPC9RdWVyeVN0cmluZ1BhcmFtZXRlcnM+DQogICAgICA8Rm9ybVBvc3RIdHRwQm9keSAvPg0KICAgIDwvUmVxdWVzdD4NCiAgICA8UmVxdWVzdCBNZXRob2Q9IlBPU1QiIEd1aWQ9ImY1NGJjMjYwLTBmODQtNGY1Mi1hNDE4LWEyNjc1MWNhZTlhOCIgVmVyc2lvbj0iMS4xIiBVcmw9Imh0dHA6Ly9sb2NhbGhvc3Q6MTU4NC9FbXBsb3llZXMvQ3JlYXRlIiBUaGlua1RpbWU9IjAiIFRpbWVvdXQ9IjMwMCIgUGFyc2VEZXBlbmRlbnRSZXF1ZXN0cz0iVHJ1ZSIgRm9sbG93UmVkaXJlY3RzPSJUcnVlIiBSZWNvcmRSZXN1bHQ9IlRydWUiIENhY2hlPSJGYWxzZSIgUmVzcG9uc2VUaW1lR29hbD0iMCIgRW5jb2Rpbmc9InV0Zi04IiBFeHBlY3RlZEh0dHBTdGF0dXNDb2RlPSIwIiBFeHBlY3RlZFJlc3BvbnNlVXJsPSJodHRwOi8vbG9jYWxob3N0OjE1ODQvRW1wbG95ZWVzIiBSZXBvcnRpbmdOYW1lPSIiIElnbm9yZUh0dHBTdGF0dXNDb2RlPSJGYWxzZSI+DQogICAgICA8SGVhZGVycz4NCiAgICAgICAgPEhlYWRlciBOYW1lPSJSZWZlcmVyIiBWYWx1ZT0iaHR0cDovL2xvY2FsaG9zdDoxNTg0L0VtcGxveWVlcy9DcmVhdGUiIC8+DQogICAgICA8L0hlYWRlcnM+DQogICAgICA8Rm9ybVBvc3RIdHRwQm9keT4NCiAgICAgICAgPEZvcm1Qb3N0UGFyYW1ldGVyIE5hbWU9Il9fUmVxdWVzdFZlcmlmaWNhdGlvblRva2VuIiBWYWx1ZT0ie3skSElEREVOMS5fX1JlcXVlc3RWZXJpZmljYXRpb25Ub2tlbn19IiBSZWNvcmRlZFZhbHVlPSJ1YkNxSDd4dmFtYmxnd3hBMmswdTlMaG5BVG9XZlVsTGQxc0Z0TDU0bU9wM2Zkc2JuQVl4UGVxXzVDbEVJdEowUDBhNUZIWTBDcEg5NG9hOE1Gci1vRmlxV1dRX1ZWeXA5Q2ZoQlg1d1Y0ZzEiIENvcnJlbGF0aW9uQmluZGluZz0iIiBVcmxFbmNvZGU9IlRydWUiIC8+DQogICAgICAgIDxGb3JtUG9zdFBhcmFtZXRlciBOYW1lPSJGaXJzdE5hbWUiIFZhbHVlPSJQb2xvIiBSZWNvcmRlZFZhbHVlPSJQb2xvIiBDb3JyZWxhdGlvbkJpbmRpbmc9IiIgVXJsRW5jb2RlPSJUcnVlIiAvPg0KICAgICAgICA8Rm9ybVBvc3RQYXJhbWV0ZXIgTmFtZT0iTGFzdE5hbWUiIFZhbHVlPSJTcGFjIiBSZWNvcmRlZFZhbHVlPSJTcGFjIiBDb3JyZWxhdGlvbkJpbmRpbmc9IiIgVXJsRW5jb2RlPSJUcnVlIiAvPg0KICAgICAgICA8Rm9ybVBvc3RQYXJhbWV0ZXIgTmFtZT0iR2VuZGVyIiBWYWx1ZT0iLTUiIFJlY29yZGVkVmFsdWU9Ii01IiBDb3JyZWxhdGlvbkJpbmRpbmc9IiIgVXJsRW5jb2RlPSJUcnVlIiAvPg0KICAgICAgICA8Rm9ybVBvc3RQYXJhbWV0ZXIgTmFtZT0iQmlydGhkYXRlIiBWYWx1ZT0iSnVseSIgUmVjb3JkZWRWYWx1ZT0iSnVseSIgQ29ycmVsYXRpb25CaW5kaW5nPSIiIFVybEVuY29kZT0iVHJ1ZSIgLz4NCiAgICAgIDwvRm9ybVBvc3RIdHRwQm9keT4NCiAgICA8L1JlcXVlc3Q+DQogICAgPFJlcXVlc3QgTWV0aG9kPSJHRVQiIEd1aWQ9IjQ2MTU3ODExLTgzNzAtNGYxZS05OWJjLWU3Y2VmNTZhZmM5YiIgVmVyc2lvbj0iMS4xIiBVcmw9Imh0dHA6Ly9sb2NhbGhvc3Q6MTY4MTgvNzE1MjBkZjRkMDhjNDk1YmIzYmRjZDZjY2NmOGU2YmMvYnJvd3NlckxpbmtTaWduYWxSL2Nvbm5lY3QiIFRoaW5rVGltZT0iMCIgVGltZW91dD0iMzAwIiBQYXJzZURlcGVuZGVudFJlcXVlc3RzPSJUcnVlIiBGb2xsb3dSZWRpcmVjdHM9IlRydWUiIFJlY29yZFJlc3VsdD0iVHJ1ZSIgQ2FjaGU9IkZhbHNlIiBSZXNwb25zZVRpbWVHb2FsPSIwIiBFbmNvZGluZz0idXRmLTgiIEV4cGVjdGVkSHR0cFN0YXR1c0NvZGU9IjAiIEV4cGVjdGVkUmVzcG9uc2VVcmw9IiIgUmVwb3J0aW5nTmFtZT0iIiBJZ25vcmVIdHRwU3RhdHVzQ29kZT0iRmFsc2UiPg0KICAgICAgPFF1ZXJ5U3RyaW5nUGFyYW1ldGVycz4NCiAgICAgICAgPFF1ZXJ5U3RyaW5nUGFyYW1ldGVyIE5hbWU9InRyYW5zcG9ydCIgVmFsdWU9IndlYlNvY2tldHMiIFJlY29yZGVkVmFsdWU9IndlYlNvY2tldHMiIENvcnJlbGF0aW9uQmluZGluZz0iIiBVcmxFbmNvZGU9IkZhbHNlIiBVc2VUb0dyb3VwUmVzdWx0cz0iRmFsc2UiIC8+DQogICAgICAgIDxRdWVyeVN0cmluZ1BhcmFtZXRlciBOYW1lPSJjb25uZWN0aW9uVG9rZW4iIFZhbHVlPSJBUUFBQU5DTW5kOEJGZEVSakhvQXdFJTJGQ2wlMkJzQkFBQUE0V2FCMHU2RUowR0hzY2NQRnNZN0d3QUFBQUFDQUFBQUFBQVFaZ0FBQUFFQUFDQUFBQUE5Q2p2eHJzZmhVWjFwQkh6eFFPRE9CQlZDZGtPMUkzSkN0REdLZ3JMTGZnQUFBQUFPZ0FBQUFBSUFBQ0FBQUFEbGZlSUp6NkslMkIlMkZzUGpBMkRtdjJVQk9KVzhaOUxERkVCZU1SNlE4VUZ1ZlRBQUFBQVcyZmpiUFdWR0xRVVZaVXdmbDA4RURTJTJGY2lqTDAlMkZzdUpzS3IlMkJTNnlPcyUyQmQlMkZmb3oxc2FCUXpaVUlmUnR5TGg1QUFBQUFlSjRqQnlDM2FIdE5wMHlTdE9NVXJEVERydmZBRW1ZS3hndGRiazY2QVMwcHFpZG9zSndnNngyTHFIWWNTZ09sVGIyTWNRanhNRXBtY0ZIWjRBSTllQSUzRCUzRCIgUmVjb3JkZWRWYWx1ZT0iQVFBQUFOQ01uZDhCRmRFUmpIb0F3RSUyRkNsJTJCc0JBQUFBNFdhQjB1NkVKMEdIc2NjUEZzWTdHd0FBQUFBQ0FBQUFBQUFRWmdBQUFBRUFBQ0FBQUFBOUNqdnhyc2ZoVVoxcEJIenhRT0RPQkJWQ2RrTzFJM0pDdERHS2dyTExmZ0FBQUFBT2dBQUFBQUlBQUNBQUFBRGxmZUlKejZLJTJCJTJGc1BqQTJEbXYyVUJPSlc4WjlMREZFQmVNUjZROFVGdWZUQUFBQUFXMmZqYlBXVkdMUVVWWlV3ZmwwOEVEUyUyRmNpakwwJTJGc3VKc0tyJTJCUzZ5T3MlMkJkJTJGZm96MXNhQlF6WlVJZlJ0eUxoNUFBQUFBZUo0akJ5QzNhSHROcDB5U3RPTVVyRFREcnZmQUVtWUt4Z3RkYms2NkFTMHBxaWRvc0p3ZzZ4MkxxSFljU2dPbFRiMk1jUWp4TUVwbWNGSFo0QUk5ZUElM0QlM0QiIENvcnJlbGF0aW9uQmluZGluZz0iIiBVcmxFbmNvZGU9IkZhbHNlIiBVc2VUb0dyb3VwUmVzdWx0cz0iRmFsc2UiIC8+DQogICAgICAgIDxRdWVyeVN0cmluZ1BhcmFtZXRlciBOYW1lPSJyZXF1ZXN0VXJsIiBWYWx1ZT0iaHR0cCUzQSUyRiUyRmxvY2FsaG9zdCUzQTE1ODQlMkZFbXBsb3llZXMlMkZDcmVhdGUiIFJlY29yZGVkVmFsdWU9Imh0dHAlM0ElMkYlMkZsb2NhbGhvc3QlM0ExNTg0JTJGRW1wbG95ZWVzJTJGQ3JlYXRlIiBDb3JyZWxhdGlvbkJpbmRpbmc9IiIgVXJsRW5jb2RlPSJGYWxzZSIgVXNlVG9Hcm91cFJlc3VsdHM9IkZhbHNlIiAvPg0KICAgICAgICA8UXVlcnlTdHJpbmdQYXJhbWV0ZXIgTmFtZT0iYnJvd3Nlck5hbWUiIFZhbHVlPSJJbnRlcm5ldCtFeHBsb3JlciIgUmVjb3JkZWRWYWx1ZT0iSW50ZXJuZXQrRXhwbG9yZXIiIENvcnJlbGF0aW9uQmluZGluZz0iIiBVcmxFbmNvZGU9IkZhbHNlIiBVc2VUb0dyb3VwUmVzdWx0cz0iRmFsc2UiIC8+DQogICAgICAgIDxRdWVyeVN0cmluZ1BhcmFtZXRlciBOYW1lPSJ1c2VyQWdlbnQiIFZhbHVlPSJNb3ppbGxhJTJGNS4wKyhXaW5kb3dzK05UKzEwLjAlM0IrV09XNjQlM0IrVHJpZGVudCUyRjcuMCUzQisuTkVUNC4wQyUzQisuTkVUNC4wRSUzQisuTkVUK0NMUisyLjAuNTA3MjclM0IrLk5FVCtDTFIrMy4wLjMwNzI5JTNCKy5ORVQrQ0xSKzMuNS4zMDcyOSUzQitydiUzQTExLjApK2xpa2UrR2Vja28iIFJlY29yZGVkVmFsdWU9Ik1vemlsbGElMkY1LjArKFdpbmRvd3MrTlQrMTAuMCUzQitXT1c2NCUzQitUcmlkZW50JTJGNy4wJTNCKy5ORVQ0LjBDJTNCKy5ORVQ0LjBFJTNCKy5ORVQrQ0xSKzIuMC41MDcyNyUzQisuTkVUK0NMUiszLjAuMzA3MjklM0IrLk5FVCtDTFIrMy41LjMwNzI5JTNCK3J2JTNBMTEuMCkrbGlrZStHZWNrbyIgQ29ycmVsYXRpb25CaW5kaW5nPSIiIFVybEVuY29kZT0iRmFsc2UiIFVzZVRvR3JvdXBSZXN1bHRzPSJGYWxzZSIgLz4NCiAgICAgICAgPFF1ZXJ5U3RyaW5nUGFyYW1ldGVyIE5hbWU9InRpZCIgVmFsdWU9IjQiIFJlY29yZGVkVmFsdWU9IjQiIENvcnJlbGF0aW9uQmluZGluZz0iIiBVcmxFbmNvZGU9IkZhbHNlIiBVc2VUb0dyb3VwUmVzdWx0cz0iRmFsc2UiIC8+DQogICAgICA8L1F1ZXJ5U3RyaW5nUGFyYW1ldGVycz4NCiAgICA8L1JlcXVlc3Q+DQogICAgPFJlcXVlc3QgTWV0aG9kPSJHRVQiIEd1aWQ9ImNmZWE4OTQ4LTc1OWEtNDc1ZS1iNTdhLWIyNTIxZGQ4OTY1OCIgVmVyc2lvbj0iMS4xIiBVcmw9Imh0dHA6Ly9sb2NhbGhvc3Q6MTU4NC9fX2Jyb3dzZXJMaW5rL3JlcXVlc3REYXRhL2Q4NDNkN2U1MThkMDQxOTM5YjE5NmEwNGNkYzUxYTEyIiBUaGlua1RpbWU9IjAiIFRpbWVvdXQ9IjMwMCIgUGFyc2VEZXBlbmRlbnRSZXF1ZXN0cz0iVHJ1ZSIgRm9sbG93UmVkaXJlY3RzPSJUcnVlIiBSZWNvcmRSZXN1bHQ9IlRydWUiIENhY2hlPSJGYWxzZSIgUmVzcG9uc2VUaW1lR29hbD0iMCIgRW5jb2Rpbmc9InV0Zi04IiBFeHBlY3RlZEh0dHBTdGF0dXNDb2RlPSIwIiBFeHBlY3RlZFJlc3BvbnNlVXJsPSIiIFJlcG9ydGluZ05hbWU9IiIgSWdub3JlSHR0cFN0YXR1c0NvZGU9IkZhbHNlIj4NCiAgICAgIDxIZWFkZXJzPg0KICAgICAgICA8SGVhZGVyIE5hbWU9IkFjY2VwdCIgVmFsdWU9ImFwcGxpY2F0aW9uL2pzb24sIHRleHQvamF2YXNjcmlwdCwgKi8qOyBxPTAuMDEiIC8+DQogICAgICAgIDxIZWFkZXIgTmFtZT0iWC1SZXF1ZXN0ZWQtV2l0aCIgVmFsdWU9IlhNTEh0dHBSZXF1ZXN0IiAvPg0KICAgICAgICA8SGVhZGVyIE5hbWU9IlJlZmVyZXIiIFZhbHVlPSJodHRwOi8vbG9jYWxob3N0OjE1ODQvRW1wbG95ZWVzL0NyZWF0ZSIgLz4NCiAgICAgIDwvSGVhZGVycz4NCiAgICAgIDxRdWVyeVN0cmluZ1BhcmFtZXRlcnM+DQogICAgICAgIDxRdWVyeVN0cmluZ1BhcmFtZXRlciBOYW1lPSJ2ZXJzaW9uIiBWYWx1ZT0iMiIgUmVjb3JkZWRWYWx1ZT0iMiIgQ29ycmVsYXRpb25CaW5kaW5nPSIiIFVybEVuY29kZT0iRmFsc2UiIFVzZVRvR3JvdXBSZXN1bHRzPSJGYWxzZSIgLz4NCiAgICAgIDwvUXVlcnlTdHJpbmdQYXJhbWV0ZXJzPg0KICAgIDwvUmVxdWVzdD4NCiAgICA8UmVxdWVzdCBNZXRob2Q9IlBPU1QiIEd1aWQ9ImQ0MmIyOTIzLTZkZGEtNGE2ZC05M2QzLWRjMWY5YzlmYzZiMCIgVmVyc2lvbj0iMS4xIiBVcmw9Imh0dHA6Ly9sb2NhbGhvc3Q6MTY4MTgvNzE1MjBkZjRkMDhjNDk1YmIzYmRjZDZjY2NmOGU2YmMvYnJvd3NlckxpbmtTaWduYWxSL2Fib3J0IiBUaGlua1RpbWU9IjEiIFRpbWVvdXQ9IjMwMCIgUGFyc2VEZXBlbmRlbnRSZXF1ZXN0cz0iVHJ1ZSIgRm9sbG93UmVkaXJlY3RzPSJUcnVlIiBSZWNvcmRSZXN1bHQ9IlRydWUiIENhY2hlPSJGYWxzZSIgUmVzcG9uc2VUaW1lR29hbD0iMCIgRW5jb2Rpbmc9InV0Zi04IiBFeHBlY3RlZEh0dHBTdGF0dXNDb2RlPSIwIiBFeHBlY3RlZFJlc3BvbnNlVXJsPSIiIFJlcG9ydGluZ05hbWU9IiIgSWdub3JlSHR0cFN0YXR1c0NvZGU9IkZhbHNlIj4NCiAgICAgIDxIZWFkZXJzPg0KICAgICAgICA8SGVhZGVyIE5hbWU9IkFjY2VwdCIgVmFsdWU9InRleHQvcGxhaW4sICovKjsgcT0wLjAxIiAvPg0KICAgICAgICA8SGVhZGVyIE5hbWU9IlJlZmVyZXIiIFZhbHVlPSJodHRwOi8vbG9jYWxob3N0OjE1ODQvRW1wbG95ZWVzL0NyZWF0ZSIgLz4NCiAgICAgIDwvSGVhZGVycz4NCiAgICAgIDxRdWVyeVN0cmluZ1BhcmFtZXRlcnM+DQogICAgICAgIDxRdWVyeVN0cmluZ1BhcmFtZXRlciBOYW1lPSJ0cmFuc3BvcnQiIFZhbHVlPSJ3ZWJTb2NrZXRzIiBSZWNvcmRlZFZhbHVlPSJ3ZWJTb2NrZXRzIiBDb3JyZWxhdGlvbkJpbmRpbmc9IiIgVXJsRW5jb2RlPSJGYWxzZSIgVXNlVG9Hcm91cFJlc3VsdHM9IkZhbHNlIiAvPg0KICAgICAgICA8UXVlcnlTdHJpbmdQYXJhbWV0ZXIgTmFtZT0iY29ubmVjdGlvblRva2VuIiBWYWx1ZT0iQVFBQUFOQ01uZDhCRmRFUmpIb0F3RSUyRkNsJTJCc0JBQUFBNFdhQjB1NkVKMEdIc2NjUEZzWTdHd0FBQUFBQ0FBQUFBQUFRWmdBQUFBRUFBQ0FBQUFBOUNqdnhyc2ZoVVoxcEJIenhRT0RPQkJWQ2RrTzFJM0pDdERHS2dyTExmZ0FBQUFBT2dBQUFBQUlBQUNBQUFBRGxmZUlKejZLJTJCJTJGc1BqQTJEbXYyVUJPSlc4WjlMREZFQmVNUjZROFVGdWZUQUFBQUFXMmZqYlBXVkdMUVVWWlV3ZmwwOEVEUyUyRmNpakwwJTJGc3VKc0tyJTJCUzZ5T3MlMkJkJTJGZm96MXNhQlF6WlVJZlJ0eUxoNUFBQUFBZUo0akJ5QzNhSHROcDB5U3RPTVVyRFREcnZmQUVtWUt4Z3RkYms2NkFTMHBxaWRvc0p3ZzZ4MkxxSFljU2dPbFRiMk1jUWp4TUVwbWNGSFo0QUk5ZUElM0QlM0QiIFJlY29yZGVkVmFsdWU9IkFRQUFBTkNNbmQ4QkZkRVJqSG9Bd0UlMkZDbCUyQnNCQUFBQTRXYUIwdTZFSjBHSHNjY1BGc1k3R3dBQUFBQUNBQUFBQUFBUVpnQUFBQUVBQUNBQUFBQTlDanZ4cnNmaFVaMXBCSHp4UU9ET0JCVkNka08xSTNKQ3RER0tnckxMZmdBQUFBQU9nQUFBQUFJQUFDQUFBQURsZmVJSno2SyUyQiUyRnNQakEyRG12MlVCT0pXOFo5TERGRUJlTVI2UThVRnVmVEFBQUFBVzJmamJQV1ZHTFFVVlpVd2ZsMDhFRFMlMkZjaWpMMCUyRnN1SnNLciUyQlM2eU9zJTJCZCUyRmZvejFzYUJRelpVSWZSdHlMaDVBQUFBQWVKNGpCeUMzYUh0TnAweVN0T01VckRURHJ2ZkFFbVlLeGd0ZGJrNjZBUzBwcWlkb3NKd2c2eDJMcUhZY1NnT2xUYjJNY1FqeE1FcG1jRkhaNEFJOWVBJTNEJTNEIiBDb3JyZWxhdGlvbkJpbmRpbmc9IiIgVXJsRW5jb2RlPSJGYWxzZSIgVXNlVG9Hcm91cFJlc3VsdHM9IkZhbHNlIiAvPg0KICAgICAgICA8UXVlcnlTdHJpbmdQYXJhbWV0ZXIgTmFtZT0icmVxdWVzdFVybCIgVmFsdWU9Imh0dHAlM0ElMkYlMkZsb2NhbGhvc3QlM0ExNTg0JTJGRW1wbG95ZWVzJTJGQ3JlYXRlIiBSZWNvcmRlZFZhbHVlPSJodHRwJTNBJTJGJTJGbG9jYWxob3N0JTNBMTU4NCUyRkVtcGxveWVlcyUyRkNyZWF0ZSIgQ29ycmVsYXRpb25CaW5kaW5nPSIiIFVybEVuY29kZT0iRmFsc2UiIFVzZVRvR3JvdXBSZXN1bHRzPSJGYWxzZSIgLz4NCiAgICAgICAgPFF1ZXJ5U3RyaW5nUGFyYW1ldGVyIE5hbWU9ImJyb3dzZXJOYW1lIiBWYWx1ZT0iSW50ZXJuZXQrRXhwbG9yZXIiIFJlY29yZGVkVmFsdWU9IkludGVybmV0K0V4cGxvcmVyIiBDb3JyZWxhdGlvbkJpbmRpbmc9IiIgVXJsRW5jb2RlPSJGYWxzZSIgVXNlVG9Hcm91cFJlc3VsdHM9IkZhbHNlIiAvPg0KICAgICAgICA8UXVlcnlTdHJpbmdQYXJhbWV0ZXIgTmFtZT0idXNlckFnZW50IiBWYWx1ZT0iTW96aWxsYSUyRjUuMCsoV2luZG93cytOVCsxMC4wJTNCK1dPVzY0JTNCK1RyaWRlbnQlMkY3LjAlM0IrLk5FVDQuMEMlM0IrLk5FVDQuMEUlM0IrLk5FVCtDTFIrMi4wLjUwNzI3JTNCKy5ORVQrQ0xSKzMuMC4zMDcyOSUzQisuTkVUK0NMUiszLjUuMzA3MjklM0IrcnYlM0ExMS4wKStsaWtlK0dlY2tvIiBSZWNvcmRlZFZhbHVlPSJNb3ppbGxhJTJGNS4wKyhXaW5kb3dzK05UKzEwLjAlM0IrV09XNjQlM0IrVHJpZGVudCUyRjcuMCUzQisuTkVUNC4wQyUzQisuTkVUNC4wRSUzQisuTkVUK0NMUisyLjAuNTA3MjclM0IrLk5FVCtDTFIrMy4wLjMwNzI5JTNCKy5ORVQrQ0xSKzMuNS4zMDcyOSUzQitydiUzQTExLjApK2xpa2UrR2Vja28iIENvcnJlbGF0aW9uQmluZGluZz0iIiBVcmxFbmNvZGU9IkZhbHNlIiBVc2VUb0dyb3VwUmVzdWx0cz0iRmFsc2UiIC8+DQogICAgICA8L1F1ZXJ5U3RyaW5nUGFyYW1ldGVycz4NCiAgICAgIDxGb3JtUG9zdEh0dHBCb2R5IC8+DQogICAgPC9SZXF1ZXN0Pg0KICAgIDxSZXF1ZXN0IE1ldGhvZD0iUE9TVCIgR3VpZD0iOTQwNmU5NWItNWMxOS00Y2M5LWIxNmQtNWVhYmJiMzdlMGY2IiBWZXJzaW9uPSIxLjEiIFVybD0iaHR0cDovL2xvY2FsaG9zdDoxNjgxOC83MTUyMGRmNGQwOGM0OTViYjNiZGNkNmNjY2Y4ZTZiYy9icm93c2VyTGlua1NpZ25hbFIvbmVnb3RpYXRlIiBUaGlua1RpbWU9IjQiIFRpbWVvdXQ9IjMwMCIgUGFyc2VEZXBlbmRlbnRSZXF1ZXN0cz0iVHJ1ZSIgRm9sbG93UmVkaXJlY3RzPSJUcnVlIiBSZWNvcmRSZXN1bHQ9IlRydWUiIENhY2hlPSJGYWxzZSIgUmVzcG9uc2VUaW1lR29hbD0iMCIgRW5jb2Rpbmc9InV0Zi04IiBFeHBlY3RlZEh0dHBTdGF0dXNDb2RlPSIwIiBFeHBlY3RlZFJlc3BvbnNlVXJsPSIiIFJlcG9ydGluZ05hbWU9IiIgSWdub3JlSHR0cFN0YXR1c0NvZGU9IkZhbHNlIj4NCiAgICAgIDxIZWFkZXJzPg0KICAgICAgICA8SGVhZGVyIE5hbWU9IkNvbnRlbnQtVHlwZSIgVmFsdWU9ImFwcGxpY2F0aW9uL3gtd3d3LWZvcm0tdXJsZW5jb2RlZDsgY2hhcnNldD1VVEYtOCIgLz4NCiAgICAgICAgPEhlYWRlciBOYW1lPSJBY2NlcHQiIFZhbHVlPSJ0ZXh0L3BsYWluLCAqLyo7IHE9MC4wMSIgLz4NCiAgICAgICAgPEhlYWRlciBOYW1lPSJSZWZlcmVyIiBWYWx1ZT0iaHR0cDovL2xvY2FsaG9zdDoxNTg0L0VtcGxveWVlcyIgLz4NCiAgICAgIDwvSGVhZGVycz4NCiAgICAgIDxRdWVyeVN0cmluZ1BhcmFtZXRlcnM+DQogICAgICAgIDxRdWVyeVN0cmluZ1BhcmFtZXRlciBOYW1lPSJyZXF1ZXN0VXJsIiBWYWx1ZT0iaHR0cCUzQSUyRiUyRmxvY2FsaG9zdCUzQTE1ODQlMkZFbXBsb3llZXMiIFJlY29yZGVkVmFsdWU9Imh0dHAlM0ElMkYlMkZsb2NhbGhvc3QlM0ExNTg0JTJGRW1wbG95ZWVzIiBDb3JyZWxhdGlvbkJpbmRpbmc9IiIgVXJsRW5jb2RlPSJGYWxzZSIgVXNlVG9Hcm91cFJlc3VsdHM9IkZhbHNlIiAvPg0KICAgICAgICA8UXVlcnlTdHJpbmdQYXJhbWV0ZXIgTmFtZT0iYnJvd3Nlck5hbWUiIFZhbHVlPSJJbnRlcm5ldCtFeHBsb3JlciIgUmVjb3JkZWRWYWx1ZT0iSW50ZXJuZXQrRXhwbG9yZXIiIENvcnJlbGF0aW9uQmluZGluZz0iIiBVcmxFbmNvZGU9IkZhbHNlIiBVc2VUb0dyb3VwUmVzdWx0cz0iRmFsc2UiIC8+DQogICAgICAgIDxRdWVyeVN0cmluZ1BhcmFtZXRlciBOYW1lPSJ1c2VyQWdlbnQiIFZhbHVlPSJNb3ppbGxhJTJGNS4wKyhXaW5kb3dzK05UKzEwLjAlM0IrV09XNjQlM0IrVHJpZGVudCUyRjcuMCUzQisuTkVUNC4wQyUzQisuTkVUNC4wRSUzQisuTkVUK0NMUisyLjAuNTA3MjclM0IrLk5FVCtDTFIrMy4wLjMwNzI5JTNCKy5ORVQrQ0xSKzMuNS4zMDcyOSUzQitydiUzQTExLjApK2xpa2UrR2Vja28iIFJlY29yZGVkVmFsdWU9Ik1vemlsbGElMkY1LjArKFdpbmRvd3MrTlQrMTAuMCUzQitXT1c2NCUzQitUcmlkZW50JTJGNy4wJTNCKy5ORVQ0LjBDJTNCKy5ORVQ0LjBFJTNCKy5ORVQrQ0xSKzIuMC41MDcyNyUzQisuTkVUK0NMUiszLjAuMzA3MjklM0IrLk5FVCtDTFIrMy41LjMwNzI5JTNCK3J2JTNBMTEuMCkrbGlrZStHZWNrbyIgQ29ycmVsYXRpb25CaW5kaW5nPSIiIFVybEVuY29kZT0iRmFsc2UiIFVzZVRvR3JvdXBSZXN1bHRzPSJGYWxzZSIgLz4NCiAgICAgICAgPFF1ZXJ5U3RyaW5nUGFyYW1ldGVyIE5hbWU9ImNsaWVudFByb3RvY29sIiBWYWx1ZT0iMS4zIiBSZWNvcmRlZFZhbHVlPSIxLjMiIENvcnJlbGF0aW9uQmluZGluZz0iIiBVcmxFbmNvZGU9IkZhbHNlIiBVc2VUb0dyb3VwUmVzdWx0cz0iRmFsc2UiIC8+DQogICAgICAgIDxRdWVyeVN0cmluZ1BhcmFtZXRlciBOYW1lPSJfIiBWYWx1ZT0iMTQ4MDU1MzgwNzI5OSIgUmVjb3JkZWRWYWx1ZT0iMTQ4MDU1MzgwNzI5OSIgQ29ycmVsYXRpb25CaW5kaW5nPSIiIFVybEVuY29kZT0iRmFsc2UiIFVzZVRvR3JvdXBSZXN1bHRzPSJGYWxzZSIgLz4NCiAgICAgIDwvUXVlcnlTdHJpbmdQYXJhbWV0ZXJzPg0KICAgICAgPEZvcm1Qb3N0SHR0cEJvZHkgLz4NCiAgICA8L1JlcXVlc3Q+DQogICAgPFJlcXVlc3QgTWV0aG9kPSJHRVQiIEd1aWQ9ImNiMzZkNjI4LTYyMGUtNDBlZi05MTNmLTZlM2U4M2ViNWNiNSIgVmVyc2lvbj0iMS4xIiBVcmw9Imh0dHA6Ly9sb2NhbGhvc3Q6MTU4NC9FbXBsb3llZXMvRGVsZXRlLzEwIiBUaGlua1RpbWU9IjAiIFRpbWVvdXQ9IjMwMCIgUGFyc2VEZXBlbmRlbnRSZXF1ZXN0cz0iVHJ1ZSIgRm9sbG93UmVkaXJlY3RzPSJUcnVlIiBSZWNvcmRSZXN1bHQ9IlRydWUiIENhY2hlPSJGYWxzZSIgUmVzcG9uc2VUaW1lR29hbD0iMCIgRW5jb2Rpbmc9InV0Zi04IiBFeHBlY3RlZEh0dHBTdGF0dXNDb2RlPSIwIiBFeHBlY3RlZFJlc3BvbnNlVXJsPSIiIFJlcG9ydGluZ05hbWU9IiIgSWdub3JlSHR0cFN0YXR1c0NvZGU9IkZhbHNlIj4NCiAgICAgIDxIZWFkZXJzPg0KICAgICAgICA8SGVhZGVyIE5hbWU9IlJlZmVyZXIiIFZhbHVlPSJodHRwOi8vbG9jYWxob3N0OjE1ODQvRW1wbG95ZWVzIiAvPg0KICAgICAgPC9IZWFkZXJzPg0KICAgICAgPEV4dHJhY3Rpb25SdWxlcz4NCiAgICAgICAgPEV4dHJhY3Rpb25SdWxlIENsYXNzbmFtZT0iTWljcm9zb2Z0LlZpc3VhbFN0dWRpby5UZXN0VG9vbHMuV2ViVGVzdGluZy5SdWxlcy5FeHRyYWN0SGlkZGVuRmllbGRzLCBNaWNyb3NvZnQuVmlzdWFsU3R1ZGlvLlF1YWxpdHlUb29scy5XZWJUZXN0RnJhbWV3b3JrLCBWZXJzaW9uPTEwLjAuMC4wLCBDdWx0dXJlPW5ldXRyYWwsIFB1YmxpY0tleVRva2VuPWIwM2Y1ZjdmMTFkNTBhM2EiIFZhcmlhYmxlTmFtZT0iMSIgRGlzcGxheU5hbWU9IkV4dHJhY3QgSGlkZGVuIEZpZWxkcyIgRGVzY3JpcHRpb249IkV4dHJhY3QgYWxsIGhpZGRlbiBmaWVsZHMgZnJvbSB0aGUgcmVzcG9uc2UgYW5kIHBsYWNlIHRoZW0gaW50byB0aGUgdGVzdCBjb250ZXh0LiI+DQogICAgICAgICAgPFJ1bGVQYXJhbWV0ZXJzPg0KICAgICAgICAgICAgPFJ1bGVQYXJhbWV0ZXIgTmFtZT0iUmVxdWlyZWQiIFZhbHVlPSJUcnVlIiAvPg0KICAgICAgICAgICAgPFJ1bGVQYXJhbWV0ZXIgTmFtZT0iSHRtbERlY29kZSIgVmFsdWU9IlRydWUiIC8+DQogICAgICAgICAgPC9SdWxlUGFyYW1ldGVycz4NCiAgICAgICAgPC9FeHRyYWN0aW9uUnVsZT4NCiAgICAgIDwvRXh0cmFjdGlvblJ1bGVzPg0KICAgIDwvUmVxdWVzdD4NCiAgICA8UmVxdWVzdCBNZXRob2Q9IkdFVCIgR3VpZD0iNDg4Nzc4ZjEtODVlMS00NmE3LTkxNWMtZTM0MGQ5ZjA5MzJiIiBWZXJzaW9uPSIxLjEiIFVybD0iaHR0cDovL2xvY2FsaG9zdDoxNjgxOC83MTUyMGRmNGQwOGM0OTViYjNiZGNkNmNjY2Y4ZTZiYy9icm93c2VyTGlua1NpZ25hbFIvY29ubmVjdCIgVGhpbmtUaW1lPSIwIiBUaW1lb3V0PSIzMDAiIFBhcnNlRGVwZW5kZW50UmVxdWVzdHM9IlRydWUiIEZvbGxvd1JlZGlyZWN0cz0iVHJ1ZSIgUmVjb3JkUmVzdWx0PSJUcnVlIiBDYWNoZT0iRmFsc2UiIFJlc3BvbnNlVGltZUdvYWw9IjAiIEVuY29kaW5nPSJ1dGYtOCIgRXhwZWN0ZWRIdHRwU3RhdHVzQ29kZT0iMCIgRXhwZWN0ZWRSZXNwb25zZVVybD0iIiBSZXBvcnRpbmdOYW1lPSIiIElnbm9yZUh0dHBTdGF0dXNDb2RlPSJGYWxzZSI+DQogICAgICA8UXVlcnlTdHJpbmdQYXJhbWV0ZXJzPg0KICAgICAgICA8UXVlcnlTdHJpbmdQYXJhbWV0ZXIgTmFtZT0idHJhbnNwb3J0IiBWYWx1ZT0id2ViU29ja2V0cyIgUmVjb3JkZWRWYWx1ZT0id2ViU29ja2V0cyIgQ29ycmVsYXRpb25CaW5kaW5nPSIiIFVybEVuY29kZT0iRmFsc2UiIFVzZVRvR3JvdXBSZXN1bHRzPSJGYWxzZSIgLz4NCiAgICAgICAgPFF1ZXJ5U3RyaW5nUGFyYW1ldGVyIE5hbWU9ImNvbm5lY3Rpb25Ub2tlbiIgVmFsdWU9IkFRQUFBTkNNbmQ4QkZkRVJqSG9Bd0UlMkZDbCUyQnNCQUFBQTRXYUIwdTZFSjBHSHNjY1BGc1k3R3dBQUFBQUNBQUFBQUFBUVpnQUFBQUVBQUNBQUFBQ1QlMkZSYTZPb0RZeXhTb0NKdlVFJTJCZWUlMkZVd3NiS3ZVampxaVF4dXJwaFRJMndBQUFBQU9nQUFBQUFJQUFDQUFBQUNvaEZBMktjWnRsSUkxZ21UcDZSVWpjSlN6NDlNVmVyaSUyRnFPd3owSkt5c3pBQUFBQkg0SWtrQSUyRnBhc0JFOVlWV2dsY0YxOHRCcUFLM3MlMkJZbjklMkYxOSUyQmY2dzN5SExoN3l2SFB5Mmd4UEpMUWVRcjZWQkFBQUFBS1FqenNOU0hIZ2slMkIlMkY5M1RocmxiZ0V3SjVpamk4TUFzVHNxZUtnQm04dlJvMU1RdlVNb0pjRyUyRlg5cHVMdHFXU2t3Y08xTjFxZndRaWlqOEZ3TFR2S3clM0QlM0QiIFJlY29yZGVkVmFsdWU9IkFRQUFBTkNNbmQ4QkZkRVJqSG9Bd0UlMkZDbCUyQnNCQUFBQTRXYUIwdTZFSjBHSHNjY1BGc1k3R3dBQUFBQUNBQUFBQUFBUVpnQUFBQUVBQUNBQUFBQ1QlMkZSYTZPb0RZeXhTb0NKdlVFJTJCZWUlMkZVd3NiS3ZVampxaVF4dXJwaFRJMndBQUFBQU9nQUFBQUFJQUFDQUFBQUNvaEZBMktjWnRsSUkxZ21UcDZSVWpjSlN6NDlNVmVyaSUyRnFPd3owSkt5c3pBQUFBQkg0SWtrQSUyRnBhc0JFOVlWV2dsY0YxOHRCcUFLM3MlMkJZbjklMkYxOSUyQmY2dzN5SExoN3l2SFB5Mmd4UEpMUWVRcjZWQkFBQUFBS1FqenNOU0hIZ2slMkIlMkY5M1RocmxiZ0V3SjVpamk4TUFzVHNxZUtnQm04dlJvMU1RdlVNb0pjRyUyRlg5cHVMdHFXU2t3Y08xTjFxZndRaWlqOEZ3TFR2S3clM0QlM0QiIENvcnJlbGF0aW9uQmluZGluZz0iIiBVcmxFbmNvZGU9IkZhbHNlIiBVc2VUb0dyb3VwUmVzdWx0cz0iRmFsc2UiIC8+DQogICAgICAgIDxRdWVyeVN0cmluZ1BhcmFtZXRlciBOYW1lPSJyZXF1ZXN0VXJsIiBWYWx1ZT0iaHR0cCUzQSUyRiUyRmxvY2FsaG9zdCUzQTE1ODQlMkZFbXBsb3llZXMiIFJlY29yZGVkVmFsdWU9Imh0dHAlM0ElMkYlMkZsb2NhbGhvc3QlM0ExNTg0JTJGRW1wbG95ZWVzIiBDb3JyZWxhdGlvbkJpbmRpbmc9IiIgVXJsRW5jb2RlPSJGYWxzZSIgVXNlVG9Hcm91cFJlc3VsdHM9IkZhbHNlIiAvPg0KICAgICAgICA8UXVlcnlTdHJpbmdQYXJhbWV0ZXIgTmFtZT0iYnJvd3Nlck5hbWUiIFZhbHVlPSJJbnRlcm5ldCtFeHBsb3JlciIgUmVjb3JkZWRWYWx1ZT0iSW50ZXJuZXQrRXhwbG9yZXIiIENvcnJlbGF0aW9uQmluZGluZz0iIiBVcmxFbmNvZGU9IkZhbHNlIiBVc2VUb0dyb3VwUmVzdWx0cz0iRmFsc2UiIC8+DQogICAgICAgIDxRdWVyeVN0cmluZ1BhcmFtZXRlciBOYW1lPSJ1c2VyQWdlbnQiIFZhbHVlPSJNb3ppbGxhJTJGNS4wKyhXaW5kb3dzK05UKzEwLjAlM0IrV09XNjQlM0IrVHJpZGVudCUyRjcuMCUzQisuTkVUNC4wQyUzQisuTkVUNC4wRSUzQisuTkVUK0NMUisyLjAuNTA3MjclM0IrLk5FVCtDTFIrMy4wLjMwNzI5JTNCKy5ORVQrQ0xSKzMuNS4zMDcyOSUzQitydiUzQTExLjApK2xpa2UrR2Vja28iIFJlY29yZGVkVmFsdWU9Ik1vemlsbGElMkY1LjArKFdpbmRvd3MrTlQrMTAuMCUzQitXT1c2NCUzQitUcmlkZW50JTJGNy4wJTNCKy5ORVQ0LjBDJTNCKy5ORVQ0LjBFJTNCKy5ORVQrQ0xSKzIuMC41MDcyNyUzQisuTkVUK0NMUiszLjAuMzA3MjklM0IrLk5FVCtDTFIrMy41LjMwNzI5JTNCK3J2JTNBMTEuMCkrbGlrZStHZWNrbyIgQ29ycmVsYXRpb25CaW5kaW5nPSIiIFVybEVuY29kZT0iRmFsc2UiIFVzZVRvR3JvdXBSZXN1bHRzPSJGYWxzZSIgLz4NCiAgICAgICAgPFF1ZXJ5U3RyaW5nUGFyYW1ldGVyIE5hbWU9InRpZCIgVmFsdWU9IjQiIFJlY29yZGVkVmFsdWU9IjQiIENvcnJlbGF0aW9uQmluZGluZz0iIiBVcmxFbmNvZGU9IkZhbHNlIiBVc2VUb0dyb3VwUmVzdWx0cz0iRmFsc2UiIC8+DQogICAgICA8L1F1ZXJ5U3RyaW5nUGFyYW1ldGVycz4NCiAgICA8L1JlcXVlc3Q+DQogICAgPFJlcXVlc3QgTWV0aG9kPSJHRVQiIEd1aWQ9ImJiNDhiNmJmLTA1MDYtNDNiOS1hOGYxLWYzZjg3MGYzODI0ZCIgVmVyc2lvbj0iMS4xIiBVcmw9Imh0dHA6Ly9sb2NhbGhvc3Q6MTU4NC9fX2Jyb3dzZXJMaW5rL3JlcXVlc3REYXRhL2M0Y2I2YTA3MTk4MzRlOGNhZTYwNTFlYjA3NzhmZDI4IiBUaGlua1RpbWU9IjAiIFRpbWVvdXQ9IjMwMCIgUGFyc2VEZXBlbmRlbnRSZXF1ZXN0cz0iVHJ1ZSIgRm9sbG93UmVkaXJlY3RzPSJUcnVlIiBSZWNvcmRSZXN1bHQ9IlRydWUiIENhY2hlPSJGYWxzZSIgUmVzcG9uc2VUaW1lR29hbD0iMCIgRW5jb2Rpbmc9InV0Zi04IiBFeHBlY3RlZEh0dHBTdGF0dXNDb2RlPSIwIiBFeHBlY3RlZFJlc3BvbnNlVXJsPSIiIFJlcG9ydGluZ05hbWU9IiIgSWdub3JlSHR0cFN0YXR1c0NvZGU9IkZhbHNlIj4NCiAgICAgIDxIZWFkZXJzPg0KICAgICAgICA8SGVhZGVyIE5hbWU9IkFjY2VwdCIgVmFsdWU9ImFwcGxpY2F0aW9uL2pzb24sIHRleHQvamF2YXNjcmlwdCwgKi8qOyBxPTAuMDEiIC8+DQogICAgICAgIDxIZWFkZXIgTmFtZT0iWC1SZXF1ZXN0ZWQtV2l0aCIgVmFsdWU9IlhNTEh0dHBSZXF1ZXN0IiAvPg0KICAgICAgICA8SGVhZGVyIE5hbWU9IlJlZmVyZXIiIFZhbHVlPSJodHRwOi8vbG9jYWxob3N0OjE1ODQvRW1wbG95ZWVzIiAvPg0KICAgICAgPC9IZWFkZXJzPg0KICAgICAgPFF1ZXJ5U3RyaW5nUGFyYW1ldGVycz4NCiAgICAgICAgPFF1ZXJ5U3RyaW5nUGFyYW1ldGVyIE5hbWU9InZlcnNpb24iIFZhbHVlPSIyIiBSZWNvcmRlZFZhbHVlPSIyIiBDb3JyZWxhdGlvbkJpbmRpbmc9IiIgVXJsRW5jb2RlPSJGYWxzZSIgVXNlVG9Hcm91cFJlc3VsdHM9IkZhbHNlIiAvPg0KICAgICAgPC9RdWVyeVN0cmluZ1BhcmFtZXRlcnM+DQogICAgPC9SZXF1ZXN0Pg0KICAgIDxSZXF1ZXN0IE1ldGhvZD0iUE9TVCIgR3VpZD0iYmY5YzY5MDMtY2E5Ni00ZTVlLWEyM2QtYjYzY2U2YjNiMWM4IiBWZXJzaW9uPSIxLjEiIFVybD0iaHR0cDovL2xvY2FsaG9zdDoxNjgxOC83MTUyMGRmNGQwOGM0OTViYjNiZGNkNmNjY2Y4ZTZiYy9icm93c2VyTGlua1NpZ25hbFIvYWJvcnQiIFRoaW5rVGltZT0iMSIgVGltZW91dD0iMzAwIiBQYXJzZURlcGVuZGVudFJlcXVlc3RzPSJUcnVlIiBGb2xsb3dSZWRpcmVjdHM9IlRydWUiIFJlY29yZFJlc3VsdD0iVHJ1ZSIgQ2FjaGU9IkZhbHNlIiBSZXNwb25zZVRpbWVHb2FsPSIwIiBFbmNvZGluZz0idXRmLTgiIEV4cGVjdGVkSHR0cFN0YXR1c0NvZGU9IjAiIEV4cGVjdGVkUmVzcG9uc2VVcmw9IiIgUmVwb3J0aW5nTmFtZT0iIiBJZ25vcmVIdHRwU3RhdHVzQ29kZT0iRmFsc2UiPg0KICAgICAgPEhlYWRlcnM+DQogICAgICAgIDxIZWFkZXIgTmFtZT0iQWNjZXB0IiBWYWx1ZT0idGV4dC9wbGFpbiwgKi8qOyBxPTAuMDEiIC8+DQogICAgICAgIDxIZWFkZXIgTmFtZT0iUmVmZXJlciIgVmFsdWU9Imh0dHA6Ly9sb2NhbGhvc3Q6MTU4NC9FbXBsb3llZXMiIC8+DQogICAgICA8L0hlYWRlcnM+DQogICAgICA8UXVlcnlTdHJpbmdQYXJhbWV0ZXJzPg0KICAgICAgICA8UXVlcnlTdHJpbmdQYXJhbWV0ZXIgTmFtZT0idHJhbnNwb3J0IiBWYWx1ZT0id2ViU29ja2V0cyIgUmVjb3JkZWRWYWx1ZT0id2ViU29ja2V0cyIgQ29ycmVsYXRpb25CaW5kaW5nPSIiIFVybEVuY29kZT0iRmFsc2UiIFVzZVRvR3JvdXBSZXN1bHRzPSJGYWxzZSIgLz4NCiAgICAgICAgPFF1ZXJ5U3RyaW5nUGFyYW1ldGVyIE5hbWU9ImNvbm5lY3Rpb25Ub2tlbiIgVmFsdWU9IkFRQUFBTkNNbmQ4QkZkRVJqSG9Bd0UlMkZDbCUyQnNCQUFBQTRXYUIwdTZFSjBHSHNjY1BGc1k3R3dBQUFBQUNBQUFBQUFBUVpnQUFBQUVBQUNBQUFBQ1QlMkZSYTZPb0RZeXhTb0NKdlVFJTJCZWUlMkZVd3NiS3ZVampxaVF4dXJwaFRJMndBQUFBQU9nQUFBQUFJQUFDQUFBQUNvaEZBMktjWnRsSUkxZ21UcDZSVWpjSlN6NDlNVmVyaSUyRnFPd3owSkt5c3pBQUFBQkg0SWtrQSUyRnBhc0JFOVlWV2dsY0YxOHRCcUFLM3MlMkJZbjklMkYxOSUyQmY2dzN5SExoN3l2SFB5Mmd4UEpMUWVRcjZWQkFBQUFBS1FqenNOU0hIZ2slMkIlMkY5M1RocmxiZ0V3SjVpamk4TUFzVHNxZUtnQm04dlJvMU1RdlVNb0pjRyUyRlg5cHVMdHFXU2t3Y08xTjFxZndRaWlqOEZ3TFR2S3clM0QlM0QiIFJlY29yZGVkVmFsdWU9IkFRQUFBTkNNbmQ4QkZkRVJqSG9Bd0UlMkZDbCUyQnNCQUFBQTRXYUIwdTZFSjBHSHNjY1BGc1k3R3dBQUFBQUNBQUFBQUFBUVpnQUFBQUVBQUNBQUFBQ1QlMkZSYTZPb0RZeXhTb0NKdlVFJTJCZWUlMkZVd3NiS3ZVampxaVF4dXJwaFRJMndBQUFBQU9nQUFBQUFJQUFDQUFBQUNvaEZBMktjWnRsSUkxZ21UcDZSVWpjSlN6NDlNVmVyaSUyRnFPd3owSkt5c3pBQUFBQkg0SWtrQSUyRnBhc0JFOVlWV2dsY0YxOHRCcUFLM3MlMkJZbjklMkYxOSUyQmY2dzN5SExoN3l2SFB5Mmd4UEpMUWVRcjZWQkFBQUFBS1FqenNOU0hIZ2slMkIlMkY5M1RocmxiZ0V3SjVpamk4TUFzVHNxZUtnQm04dlJvMU1RdlVNb0pjRyUyRlg5cHVMdHFXU2t3Y08xTjFxZndRaWlqOEZ3TFR2S3clM0QlM0QiIENvcnJlbGF0aW9uQmluZGluZz0iIiBVcmxFbmNvZGU9IkZhbHNlIiBVc2VUb0dyb3VwUmVzdWx0cz0iRmFsc2UiIC8+DQogICAgICAgIDxRdWVyeVN0cmluZ1BhcmFtZXRlciBOYW1lPSJyZXF1ZXN0VXJsIiBWYWx1ZT0iaHR0cCUzQSUyRiUyRmxvY2FsaG9zdCUzQTE1ODQlMkZFbXBsb3llZXMiIFJlY29yZGVkVmFsdWU9Imh0dHAlM0ElMkYlMkZsb2NhbGhvc3QlM0ExNTg0JTJGRW1wbG95ZWVzIiBDb3JyZWxhdGlvbkJpbmRpbmc9IiIgVXJsRW5jb2RlPSJGYWxzZSIgVXNlVG9Hcm91cFJlc3VsdHM9IkZhbHNlIiAvPg0KICAgICAgICA8UXVlcnlTdHJpbmdQYXJhbWV0ZXIgTmFtZT0iYnJvd3Nlck5hbWUiIFZhbHVlPSJJbnRlcm5ldCtFeHBsb3JlciIgUmVjb3JkZWRWYWx1ZT0iSW50ZXJuZXQrRXhwbG9yZXIiIENvcnJlbGF0aW9uQmluZGluZz0iIiBVcmxFbmNvZGU9IkZhbHNlIiBVc2VUb0dyb3VwUmVzdWx0cz0iRmFsc2UiIC8+DQogICAgICAgIDxRdWVyeVN0cmluZ1BhcmFtZXRlciBOYW1lPSJ1c2VyQWdlbnQiIFZhbHVlPSJNb3ppbGxhJTJGNS4wKyhXaW5kb3dzK05UKzEwLjAlM0IrV09XNjQlM0IrVHJpZGVudCUyRjcuMCUzQisuTkVUNC4wQyUzQisuTkVUNC4wRSUzQisuTkVUK0NMUisyLjAuNTA3MjclM0IrLk5FVCtDTFIrMy4wLjMwNzI5JTNCKy5ORVQrQ0xSKzMuNS4zMDcyOSUzQitydiUzQTExLjApK2xpa2UrR2Vja28iIFJlY29yZGVkVmFsdWU9Ik1vemlsbGElMkY1LjArKFdpbmRvd3MrTlQrMTAuMCUzQitXT1c2NCUzQitUcmlkZW50JTJGNy4wJTNCKy5ORVQ0LjBDJTNCKy5ORVQ0LjBFJTNCKy5ORVQrQ0xSKzIuMC41MDcyNyUzQisuTkVUK0NMUiszLjAuMzA3MjklM0IrLk5FVCtDTFIrMy41LjMwNzI5JTNCK3J2JTNBMTEuMCkrbGlrZStHZWNrbyIgQ29ycmVsYXRpb25CaW5kaW5nPSIiIFVybEVuY29kZT0iRmFsc2UiIFVzZVRvR3JvdXBSZXN1bHRzPSJGYWxzZSIgLz4NCiAgICAgIDwvUXVlcnlTdHJpbmdQYXJhbWV0ZXJzPg0KICAgICAgPEZvcm1Qb3N0SHR0cEJvZHkgLz4NCiAgICA8L1JlcXVlc3Q+DQogICAgPFJlcXVlc3QgTWV0aG9kPSJQT1NUIiBHdWlkPSJhYjJlYzc2Yi04YTc4LTRlMTAtYTA4ZS03ZjdiNzI2NzQ4NTkiIFZlcnNpb249IjEuMSIgVXJsPSJodHRwOi8vbG9jYWxob3N0OjE2ODE4LzcxNTIwZGY0ZDA4YzQ5NWJiM2JkY2Q2Y2NjZjhlNmJjL2Jyb3dzZXJMaW5rU2lnbmFsUi9uZWdvdGlhdGUiIFRoaW5rVGltZT0iMSIgVGltZW91dD0iMzAwIiBQYXJzZURlcGVuZGVudFJlcXVlc3RzPSJUcnVlIiBGb2xsb3dSZWRpcmVjdHM9IlRydWUiIFJlY29yZFJlc3VsdD0iVHJ1ZSIgQ2FjaGU9IkZhbHNlIiBSZXNwb25zZVRpbWVHb2FsPSIwIiBFbmNvZGluZz0idXRmLTgiIEV4cGVjdGVkSHR0cFN0YXR1c0NvZGU9IjAiIEV4cGVjdGVkUmVzcG9uc2VVcmw9IiIgUmVwb3J0aW5nTmFtZT0iIiBJZ25vcmVIdHRwU3RhdHVzQ29kZT0iRmFsc2UiPg0KICAgICAgPEhlYWRlcnM+DQogICAgICAgIDxIZWFkZXIgTmFtZT0iQ29udGVudC1UeXBlIiBWYWx1ZT0iYXBwbGljYXRpb24veC13d3ctZm9ybS11cmxlbmNvZGVkOyBjaGFyc2V0PVVURi04IiAvPg0KICAgICAgICA8SGVhZGVyIE5hbWU9IkFjY2VwdCIgVmFsdWU9InRleHQvcGxhaW4sICovKjsgcT0wLjAxIiAvPg0KICAgICAgICA8SGVhZGVyIE5hbWU9IlJlZmVyZXIiIFZhbHVlPSJodHRwOi8vbG9jYWxob3N0OjE1ODQvRW1wbG95ZWVzL0RlbGV0ZS8xMCIgLz4NCiAgICAgIDwvSGVhZGVycz4NCiAgICAgIDxRdWVyeVN0cmluZ1BhcmFtZXRlcnM+DQogICAgICAgIDxRdWVyeVN0cmluZ1BhcmFtZXRlciBOYW1lPSJyZXF1ZXN0VXJsIiBWYWx1ZT0iaHR0cCUzQSUyRiUyRmxvY2FsaG9zdCUzQTE1ODQlMkZFbXBsb3llZXMlMkZEZWxldGUlMkYxMCIgUmVjb3JkZWRWYWx1ZT0iaHR0cCUzQSUyRiUyRmxvY2FsaG9zdCUzQTE1ODQlMkZFbXBsb3llZXMlMkZEZWxldGUlMkYxMCIgQ29ycmVsYXRpb25CaW5kaW5nPSIiIFVybEVuY29kZT0iRmFsc2UiIFVzZVRvR3JvdXBSZXN1bHRzPSJGYWxzZSIgLz4NCiAgICAgICAgPFF1ZXJ5U3RyaW5nUGFyYW1ldGVyIE5hbWU9ImJyb3dzZXJOYW1lIiBWYWx1ZT0iSW50ZXJuZXQrRXhwbG9yZXIiIFJlY29yZGVkVmFsdWU9IkludGVybmV0K0V4cGxvcmVyIiBDb3JyZWxhdGlvbkJpbmRpbmc9IiIgVXJsRW5jb2RlPSJGYWxzZSIgVXNlVG9Hcm91cFJlc3VsdHM9IkZhbHNlIiAvPg0KICAgICAgICA8UXVlcnlTdHJpbmdQYXJhbWV0ZXIgTmFtZT0idXNlckFnZW50IiBWYWx1ZT0iTW96aWxsYSUyRjUuMCsoV2luZG93cytOVCsxMC4wJTNCK1dPVzY0JTNCK1RyaWRlbnQlMkY3LjAlM0IrLk5FVDQuMEMlM0IrLk5FVDQuMEUlM0IrLk5FVCtDTFIrMi4wLjUwNzI3JTNCKy5ORVQrQ0xSKzMuMC4zMDcyOSUzQisuTkVUK0NMUiszLjUuMzA3MjklM0IrcnYlM0ExMS4wKStsaWtlK0dlY2tvIiBSZWNvcmRlZFZhbHVlPSJNb3ppbGxhJTJGNS4wKyhXaW5kb3dzK05UKzEwLjAlM0IrV09XNjQlM0IrVHJpZGVudCUyRjcuMCUzQisuTkVUNC4wQyUzQisuTkVUNC4wRSUzQisuTkVUK0NMUisyLjAuNTA3MjclM0IrLk5FVCtDTFIrMy4wLjMwNzI5JTNCKy5ORVQrQ0xSKzMuNS4zMDcyOSUzQitydiUzQTExLjApK2xpa2UrR2Vja28iIENvcnJlbGF0aW9uQmluZGluZz0iIiBVcmxFbmNvZGU9IkZhbHNlIiBVc2VUb0dyb3VwUmVzdWx0cz0iRmFsc2UiIC8+DQogICAgICAgIDxRdWVyeVN0cmluZ1BhcmFtZXRlciBOYW1lPSJjbGllbnRQcm90b2NvbCIgVmFsdWU9IjEuMyIgUmVjb3JkZWRWYWx1ZT0iMS4zIiBDb3JyZWxhdGlvbkJpbmRpbmc9IiIgVXJsRW5jb2RlPSJGYWxzZSIgVXNlVG9Hcm91cFJlc3VsdHM9IkZhbHNlIiAvPg0KICAgICAgICA8UXVlcnlTdHJpbmdQYXJhbWV0ZXIgTmFtZT0iXyIgVmFsdWU9IjE0ODA1NTM4MTI2MDEiIFJlY29yZGVkVmFsdWU9IjE0ODA1NTM4MTI2MDEiIENvcnJlbGF0aW9uQmluZGluZz0iIiBVcmxFbmNvZGU9IkZhbHNlIiBVc2VUb0dyb3VwUmVzdWx0cz0iRmFsc2UiIC8+DQogICAgICA8L1F1ZXJ5U3RyaW5nUGFyYW1ldGVycz4NCiAgICAgIDxGb3JtUG9zdEh0dHBCb2R5IC8+DQogICAgPC9SZXF1ZXN0Pg0KICAgIDxSZXF1ZXN0IE1ldGhvZD0iUE9TVCIgR3VpZD0iZjMwNzcwZTQtZTRjNS00MDJlLWI3MzAtMzFkZDg4MWQ5YzdjIiBWZXJzaW9uPSIxLjEiIFVybD0iaHR0cDovL2xvY2FsaG9zdDoxNTg0L0VtcGxveWVlcy9EZWxldGUvMTAiIFRoaW5rVGltZT0iMCIgVGltZW91dD0iMzAwIiBQYXJzZURlcGVuZGVudFJlcXVlc3RzPSJUcnVlIiBGb2xsb3dSZWRpcmVjdHM9IlRydWUiIFJlY29yZFJlc3VsdD0iVHJ1ZSIgQ2FjaGU9IkZhbHNlIiBSZXNwb25zZVRpbWVHb2FsPSIwIiBFbmNvZGluZz0idXRmLTgiIEV4cGVjdGVkSHR0cFN0YXR1c0NvZGU9IjAiIEV4cGVjdGVkUmVzcG9uc2VVcmw9Imh0dHA6Ly9sb2NhbGhvc3Q6MTU4NC9FbXBsb3llZXMiIFJlcG9ydGluZ05hbWU9IiIgSWdub3JlSHR0cFN0YXR1c0NvZGU9IkZhbHNlIj4NCiAgICAgIDxIZWFkZXJzPg0KICAgICAgICA8SGVhZGVyIE5hbWU9IlJlZmVyZXIiIFZhbHVlPSJodHRwOi8vbG9jYWxob3N0OjE1ODQvRW1wbG95ZWVzL0RlbGV0ZS8xMCIgLz4NCiAgICAgIDwvSGVhZGVycz4NCiAgICAgIDxGb3JtUG9zdEh0dHBCb2R5Pg0KICAgICAgICA8Rm9ybVBvc3RQYXJhbWV0ZXIgTmFtZT0iX19SZXF1ZXN0VmVyaWZpY2F0aW9uVG9rZW4iIFZhbHVlPSJ7eyRISURERU4xLl9fUmVxdWVzdFZlcmlmaWNhdGlvblRva2VufX0iIFJlY29yZGVkVmFsdWU9Ijd6WERSems0VjZnM3k1dUhEQjVsOU9UUFlCUVpIal9IN2FKZ1VuN2UwUjQzMzJDTFlxbUxqdl9DNFJDYmVreDhNTS1GdHRZdThXYUs5N2dIWVg2OTJ5NnZmVHJ5WUJGRnJMakhSYTFqZ2djMSIgQ29ycmVsYXRpb25CaW5kaW5nPSIiIFVybEVuY29kZT0iVHJ1ZSIgLz4NCiAgICAgIDwvRm9ybVBvc3RIdHRwQm9keT4NCiAgICA8L1JlcXVlc3Q+DQogICAgPFJlcXVlc3QgTWV0aG9kPSJHRVQiIEd1aWQ9Ijc5NmZjYTZmLTE2OWQtNDRiNi04ODU1LTc5NGNkODUxZDJmNyIgVmVyc2lvbj0iMS4xIiBVcmw9Imh0dHA6Ly9sb2NhbGhvc3Q6MTY4MTgvNzE1MjBkZjRkMDhjNDk1YmIzYmRjZDZjY2NmOGU2YmMvYnJvd3NlckxpbmtTaWduYWxSL2Nvbm5lY3QiIFRoaW5rVGltZT0iMCIgVGltZW91dD0iMzAwIiBQYXJzZURlcGVuZGVudFJlcXVlc3RzPSJUcnVlIiBGb2xsb3dSZWRpcmVjdHM9IlRydWUiIFJlY29yZFJlc3VsdD0iVHJ1ZSIgQ2FjaGU9IkZhbHNlIiBSZXNwb25zZVRpbWVHb2FsPSIwIiBFbmNvZGluZz0idXRmLTgiIEV4cGVjdGVkSHR0cFN0YXR1c0NvZGU9IjAiIEV4cGVjdGVkUmVzcG9uc2VVcmw9IiIgUmVwb3J0aW5nTmFtZT0iIiBJZ25vcmVIdHRwU3RhdHVzQ29kZT0iRmFsc2UiPg0KICAgICAgPFF1ZXJ5U3RyaW5nUGFyYW1ldGVycz4NCiAgICAgICAgPFF1ZXJ5U3RyaW5nUGFyYW1ldGVyIE5hbWU9InRyYW5zcG9ydCIgVmFsdWU9IndlYlNvY2tldHMiIFJlY29yZGVkVmFsdWU9IndlYlNvY2tldHMiIENvcnJlbGF0aW9uQmluZGluZz0iIiBVcmxFbmNvZGU9IkZhbHNlIiBVc2VUb0dyb3VwUmVzdWx0cz0iRmFsc2UiIC8+DQogICAgICAgIDxRdWVyeVN0cmluZ1BhcmFtZXRlciBOYW1lPSJjb25uZWN0aW9uVG9rZW4iIFZhbHVlPSJBUUFBQU5DTW5kOEJGZEVSakhvQXdFJTJGQ2wlMkJzQkFBQUE0V2FCMHU2RUowR0hzY2NQRnNZN0d3QUFBQUFDQUFBQUFBQVFaZ0FBQUFFQUFDQUFBQUFQSWFId05OYiUyRkV0MGl2OEg1SlVRbk43bEIlMkJNVkZKbndpVmZrRUN1ZlE5d0FBQUFBT2dBQUFBQUlBQUNBQUFBQXBCY3lyeEsxTXZIVHlDM0UwWXRDOWZJRGYwZSUyRkslMkI4OEVxNEFNMk5LbHlqQUFBQUFUd1V3aFh4cDJNcVFXZWV4dURvdlFQMWV2MG85UTZ1ZUxCS3hNVURlekVBTzNOaXFuRndLQlhUdjdJSmFWYlNSQUFBQUF3VndpQ2N3cE15JTJGRVRNSnV6R0xMZmY0cU8yTFhRRXRDU2xtVG11ZmZ1UlpQciUyRnJpMFVUbjdGZVA5OG8lMkI4V2NvdVg1YmtxWXRtcXh1MWs5WTV2QyUyRkZRJTNEJTNEIiBSZWNvcmRlZFZhbHVlPSJBUUFBQU5DTW5kOEJGZEVSakhvQXdFJTJGQ2wlMkJzQkFBQUE0V2FCMHU2RUowR0hzY2NQRnNZN0d3QUFBQUFDQUFBQUFBQVFaZ0FBQUFFQUFDQUFBQUFQSWFId05OYiUyRkV0MGl2OEg1SlVRbk43bEIlMkJNVkZKbndpVmZrRUN1ZlE5d0FBQUFBT2dBQUFBQUlBQUNBQUFBQXBCY3lyeEsxTXZIVHlDM0UwWXRDOWZJRGYwZSUyRkslMkI4OEVxNEFNMk5LbHlqQUFBQUFUd1V3aFh4cDJNcVFXZWV4dURvdlFQMWV2MG85UTZ1ZUxCS3hNVURlekVBTzNOaXFuRndLQlhUdjdJSmFWYlNSQUFBQUF3VndpQ2N3cE15JTJGRVRNSnV6R0xMZmY0cU8yTFhRRXRDU2xtVG11ZmZ1UlpQciUyRnJpMFVUbjdGZVA5OG8lMkI4V2NvdVg1YmtxWXRtcXh1MWs5WTV2QyUyRkZRJTNEJTNEIiBDb3JyZWxhdGlvbkJpbmRpbmc9IiIgVXJsRW5jb2RlPSJGYWxzZSIgVXNlVG9Hcm91cFJlc3VsdHM9IkZhbHNlIiAvPg0KICAgICAgICA8UXVlcnlTdHJpbmdQYXJhbWV0ZXIgTmFtZT0icmVxdWVzdFVybCIgVmFsdWU9Imh0dHAlM0ElMkYlMkZsb2NhbGhvc3QlM0ExNTg0JTJGRW1wbG95ZWVzJTJGRGVsZXRlJTJGMTAiIFJlY29yZGVkVmFsdWU9Imh0dHAlM0ElMkYlMkZsb2NhbGhvc3QlM0ExNTg0JTJGRW1wbG95ZWVzJTJGRGVsZXRlJTJGMTAiIENvcnJlbGF0aW9uQmluZGluZz0iIiBVcmxFbmNvZGU9IkZhbHNlIiBVc2VUb0dyb3VwUmVzdWx0cz0iRmFsc2UiIC8+DQogICAgICAgIDxRdWVyeVN0cmluZ1BhcmFtZXRlciBOYW1lPSJicm93c2VyTmFtZSIgVmFsdWU9IkludGVybmV0K0V4cGxvcmVyIiBSZWNvcmRlZFZhbHVlPSJJbnRlcm5ldCtFeHBsb3JlciIgQ29ycmVsYXRpb25CaW5kaW5nPSIiIFVybEVuY29kZT0iRmFsc2UiIFVzZVRvR3JvdXBSZXN1bHRzPSJGYWxzZSIgLz4NCiAgICAgICAgPFF1ZXJ5U3RyaW5nUGFyYW1ldGVyIE5hbWU9InVzZXJBZ2VudCIgVmFsdWU9Ik1vemlsbGElMkY1LjArKFdpbmRvd3MrTlQrMTAuMCUzQitXT1c2NCUzQitUcmlkZW50JTJGNy4wJTNCKy5ORVQ0LjBDJTNCKy5ORVQ0LjBFJTNCKy5ORVQrQ0xSKzIuMC41MDcyNyUzQisuTkVUK0NMUiszLjAuMzA3MjklM0IrLk5FVCtDTFIrMy41LjMwNzI5JTNCK3J2JTNBMTEuMCkrbGlrZStHZWNrbyIgUmVjb3JkZWRWYWx1ZT0iTW96aWxsYSUyRjUuMCsoV2luZG93cytOVCsxMC4wJTNCK1dPVzY0JTNCK1RyaWRlbnQlMkY3LjAlM0IrLk5FVDQuMEMlM0IrLk5FVDQuMEUlM0IrLk5FVCtDTFIrMi4wLjUwNzI3JTNCKy5ORVQrQ0xSKzMuMC4zMDcyOSUzQisuTkVUK0NMUiszLjUuMzA3MjklM0IrcnYlM0ExMS4wKStsaWtlK0dlY2tvIiBDb3JyZWxhdGlvbkJpbmRpbmc9IiIgVXJsRW5jb2RlPSJGYWxzZSIgVXNlVG9Hcm91cFJlc3VsdHM9IkZhbHNlIiAvPg0KICAgICAgICA8UXVlcnlTdHJpbmdQYXJhbWV0ZXIgTmFtZT0idGlkIiBWYWx1ZT0iMTAiIFJlY29yZGVkVmFsdWU9IjEwIiBDb3JyZWxhdGlvbkJpbmRpbmc9IiIgVXJsRW5jb2RlPSJGYWxzZSIgVXNlVG9Hcm91cFJlc3VsdHM9IkZhbHNlIiAvPg0KICAgICAgPC9RdWVyeVN0cmluZ1BhcmFtZXRlcnM+DQogICAgPC9SZXF1ZXN0Pg0KICAgIDxSZXF1ZXN0IE1ldGhvZD0iR0VUIiBHdWlkPSI3MTg1Mzk5MC1kODI4LTRkNDMtYjM5Yi1kZjQ0YmQ2ODhlMjgiIFZlcnNpb249IjEuMSIgVXJsPSJodHRwOi8vbG9jYWxob3N0OjE1ODQvX19icm93c2VyTGluay9yZXF1ZXN0RGF0YS9lMzNhMzE4ZjkxMTI0NmI5ODdmY2EzNzIwYTA0MDdlMiIgVGhpbmtUaW1lPSIwIiBUaW1lb3V0PSIzMDAiIFBhcnNlRGVwZW5kZW50UmVxdWVzdHM9IlRydWUiIEZvbGxvd1JlZGlyZWN0cz0iVHJ1ZSIgUmVjb3JkUmVzdWx0PSJUcnVlIiBDYWNoZT0iRmFsc2UiIFJlc3BvbnNlVGltZUdvYWw9IjAiIEVuY29kaW5nPSJ1dGYtOCIgRXhwZWN0ZWRIdHRwU3RhdHVzQ29kZT0iMCIgRXhwZWN0ZWRSZXNwb25zZVVybD0iIiBSZXBvcnRpbmdOYW1lPSIiIElnbm9yZUh0dHBTdGF0dXNDb2RlPSJGYWxzZSI+DQogICAgICA8SGVhZGVycz4NCiAgICAgICAgPEhlYWRlciBOYW1lPSJBY2NlcHQiIFZhbHVlPSJhcHBsaWNhdGlvbi9qc29uLCB0ZXh0L2phdmFzY3JpcHQsICovKjsgcT0wLjAxIiAvPg0KICAgICAgICA8SGVhZGVyIE5hbWU9IlgtUmVxdWVzdGVkLVdpdGgiIFZhbHVlPSJYTUxIdHRwUmVxdWVzdCIgLz4NCiAgICAgICAgPEhlYWRlciBOYW1lPSJSZWZlcmVyIiBWYWx1ZT0iaHR0cDovL2xvY2FsaG9zdDoxNTg0L0VtcGxveWVlcy9EZWxldGUvMTAiIC8+DQogICAgICA8L0hlYWRlcnM+DQogICAgICA8UXVlcnlTdHJpbmdQYXJhbWV0ZXJzPg0KICAgICAgICA8UXVlcnlTdHJpbmdQYXJhbWV0ZXIgTmFtZT0idmVyc2lvbiIgVmFsdWU9IjIiIFJlY29yZGVkVmFsdWU9IjIiIENvcnJlbGF0aW9uQmluZGluZz0iIiBVcmxFbmNvZGU9IkZhbHNlIiBVc2VUb0dyb3VwUmVzdWx0cz0iRmFsc2UiIC8+DQogICAgICA8L1F1ZXJ5U3RyaW5nUGFyYW1ldGVycz4NCiAgICA8L1JlcXVlc3Q+DQogICAgPFJlcXVlc3QgTWV0aG9kPSJQT1NUIiBHdWlkPSI2NzEyOTM5Yy1lOGI1LTQwZjUtOGM3NS1lNjQ5NjM2NTFkZTYiIFZlcnNpb249IjEuMSIgVXJsPSJodHRwOi8vbG9jYWxob3N0OjE2ODE4LzcxNTIwZGY0ZDA4YzQ5NWJiM2JkY2Q2Y2NjZjhlNmJjL2Jyb3dzZXJMaW5rU2lnbmFsUi9hYm9ydCIgVGhpbmtUaW1lPSIxIiBUaW1lb3V0PSIzMDAiIFBhcnNlRGVwZW5kZW50UmVxdWVzdHM9IlRydWUiIEZvbGxvd1JlZGlyZWN0cz0iVHJ1ZSIgUmVjb3JkUmVzdWx0PSJUcnVlIiBDYWNoZT0iRmFsc2UiIFJlc3BvbnNlVGltZUdvYWw9IjAiIEVuY29kaW5nPSJ1dGYtOCIgRXhwZWN0ZWRIdHRwU3RhdHVzQ29kZT0iMCIgRXhwZWN0ZWRSZXNwb25zZVVybD0iIiBSZXBvcnRpbmdOYW1lPSIiIElnbm9yZUh0dHBTdGF0dXNDb2RlPSJGYWxzZSI+DQogICAgICA8SGVhZGVycz4NCiAgICAgICAgPEhlYWRlciBOYW1lPSJBY2NlcHQiIFZhbHVlPSJ0ZXh0L3BsYWluLCAqLyo7IHE9MC4wMSIgLz4NCiAgICAgICAgPEhlYWRlciBOYW1lPSJSZWZlcmVyIiBWYWx1ZT0iaHR0cDovL2xvY2FsaG9zdDoxNTg0L0VtcGxveWVlcy9EZWxldGUvMTAiIC8+DQogICAgICA8L0hlYWRlcnM+DQogICAgICA8UXVlcnlTdHJpbmdQYXJhbWV0ZXJzPg0KICAgICAgICA8UXVlcnlTdHJpbmdQYXJhbWV0ZXIgTmFtZT0idHJhbnNwb3J0IiBWYWx1ZT0id2ViU29ja2V0cyIgUmVjb3JkZWRWYWx1ZT0id2ViU29ja2V0cyIgQ29ycmVsYXRpb25CaW5kaW5nPSIiIFVybEVuY29kZT0iRmFsc2UiIFVzZVRvR3JvdXBSZXN1bHRzPSJGYWxzZSIgLz4NCiAgICAgICAgPFF1ZXJ5U3RyaW5nUGFyYW1ldGVyIE5hbWU9ImNvbm5lY3Rpb25Ub2tlbiIgVmFsdWU9IkFRQUFBTkNNbmQ4QkZkRVJqSG9Bd0UlMkZDbCUyQnNCQUFBQTRXYUIwdTZFSjBHSHNjY1BGc1k3R3dBQUFBQUNBQUFBQUFBUVpnQUFBQUVBQUNBQUFBQVBJYUh3Tk5iJTJGRXQwaXY4SDVKVVFuTjdsQiUyQk1WRkpud2lWZmtFQ3VmUTl3QUFBQUFPZ0FBQUFBSUFBQ0FBQUFBcEJjeXJ4SzFNdkhUeUMzRTBZdEM5ZklEZjBlJTJGSyUyQjg4RXE0QU0yTktseWpBQUFBQVR3VXdoWHhwMk1xUVdlZXh1RG92UVAxZXYwbzlRNnVlTEJLeE1VRGV6RUFPM05pcW5Gd0tCWFR2N0lKYVZiU1JBQUFBQXdWd2lDY3dwTXklMkZFVE1KdXpHTExmZjRxTzJMWFFFdENTbG1UbXVmZnVSWlByJTJGcmkwVVRuN0ZlUDk4byUyQjhXY291WDVia3FZdG1xeHUxazlZNXZDJTJGRlElM0QlM0QiIFJlY29yZGVkVmFsdWU9IkFRQUFBTkNNbmQ4QkZkRVJqSG9Bd0UlMkZDbCUyQnNCQUFBQTRXYUIwdTZFSjBHSHNjY1BGc1k3R3dBQUFBQUNBQUFBQUFBUVpnQUFBQUVBQUNBQUFBQVBJYUh3Tk5iJTJGRXQwaXY4SDVKVVFuTjdsQiUyQk1WRkpud2lWZmtFQ3VmUTl3QUFBQUFPZ0FBQUFBSUFBQ0FBQUFBcEJjeXJ4SzFNdkhUeUMzRTBZdEM5ZklEZjBlJTJGSyUyQjg4RXE0QU0yTktseWpBQUFBQVR3VXdoWHhwMk1xUVdlZXh1RG92UVAxZXYwbzlRNnVlTEJLeE1VRGV6RUFPM05pcW5Gd0tCWFR2N0lKYVZiU1JBQUFBQXdWd2lDY3dwTXklMkZFVE1KdXpHTExmZjRxTzJMWFFFdENTbG1UbXVmZnVSWlByJTJGcmkwVVRuN0ZlUDk4byUyQjhXY291WDVia3FZdG1xeHUxazlZNXZDJTJGRlElM0QlM0QiIENvcnJlbGF0aW9uQmluZGluZz0iIiBVcmxFbmNvZGU9IkZhbHNlIiBVc2VUb0dyb3VwUmVzdWx0cz0iRmFsc2UiIC8+DQogICAgICAgIDxRdWVyeVN0cmluZ1BhcmFtZXRlciBOYW1lPSJyZXF1ZXN0VXJsIiBWYWx1ZT0iaHR0cCUzQSUyRiUyRmxvY2FsaG9zdCUzQTE1ODQlMkZFbXBsb3llZXMlMkZEZWxldGUlMkYxMCIgUmVjb3JkZWRWYWx1ZT0iaHR0cCUzQSUyRiUyRmxvY2FsaG9zdCUzQTE1ODQlMkZFbXBsb3llZXMlMkZEZWxldGUlMkYxMCIgQ29ycmVsYXRpb25CaW5kaW5nPSIiIFVybEVuY29kZT0iRmFsc2UiIFVzZVRvR3JvdXBSZXN1bHRzPSJGYWxzZSIgLz4NCiAgICAgICAgPFF1ZXJ5U3RyaW5nUGFyYW1ldGVyIE5hbWU9ImJyb3dzZXJOYW1lIiBWYWx1ZT0iSW50ZXJuZXQrRXhwbG9yZXIiIFJlY29yZGVkVmFsdWU9IkludGVybmV0K0V4cGxvcmVyIiBDb3JyZWxhdGlvbkJpbmRpbmc9IiIgVXJsRW5jb2RlPSJGYWxzZSIgVXNlVG9Hcm91cFJlc3VsdHM9IkZhbHNlIiAvPg0KICAgICAgICA8UXVlcnlTdHJpbmdQYXJhbWV0ZXIgTmFtZT0idXNlckFnZW50IiBWYWx1ZT0iTW96aWxsYSUyRjUuMCsoV2luZG93cytOVCsxMC4wJTNCK1dPVzY0JTNCK1RyaWRlbnQlMkY3LjAlM0IrLk5FVDQuMEMlM0IrLk5FVDQuMEUlM0IrLk5FVCtDTFIrMi4wLjUwNzI3JTNCKy5ORVQrQ0xSKzMuMC4zMDcyOSUzQisuTkVUK0NMUiszLjUuMzA3MjklM0IrcnYlM0ExMS4wKStsaWtlK0dlY2tvIiBSZWNvcmRlZFZhbHVlPSJNb3ppbGxhJTJGNS4wKyhXaW5kb3dzK05UKzEwLjAlM0IrV09XNjQlM0IrVHJpZGVudCUyRjcuMCUzQisuTkVUNC4wQyUzQisuTkVUNC4wRSUzQisuTkVUK0NMUisyLjAuNTA3MjclM0IrLk5FVCtDTFIrMy4wLjMwNzI5JTNCKy5ORVQrQ0xSKzMuNS4zMDcyOSUzQitydiUzQTExLjApK2xpa2UrR2Vja28iIENvcnJlbGF0aW9uQmluZGluZz0iIiBVcmxFbmNvZGU9IkZhbHNlIiBVc2VUb0dyb3VwUmVzdWx0cz0iRmFsc2UiIC8+DQogICAgICA8L1F1ZXJ5U3RyaW5nUGFyYW1ldGVycz4NCiAgICAgIDxGb3JtUG9zdEh0dHBCb2R5IC8+DQogICAgPC9SZXF1ZXN0Pg0KICAgIDxSZXF1ZXN0IE1ldGhvZD0iUE9TVCIgR3VpZD0iMzdlZWNjZmEtNDVlMy00ZjJkLWI1ODktMjBmNDA2MDM0NTIyIiBWZXJzaW9uPSIxLjEiIFVybD0iaHR0cDovL2xvY2FsaG9zdDoxNjgxOC83MTUyMGRmNGQwOGM0OTViYjNiZGNkNmNjY2Y4ZTZiYy9icm93c2VyTGlua1NpZ25hbFIvbmVnb3RpYXRlIiBUaGlua1RpbWU9IjEiIFRpbWVvdXQ9IjMwMCIgUGFyc2VEZXBlbmRlbnRSZXF1ZXN0cz0iVHJ1ZSIgRm9sbG93UmVkaXJlY3RzPSJUcnVlIiBSZWNvcmRSZXN1bHQ9IlRydWUiIENhY2hlPSJGYWxzZSIgUmVzcG9uc2VUaW1lR29hbD0iMCIgRW5jb2Rpbmc9InV0Zi04IiBFeHBlY3RlZEh0dHBTdGF0dXNDb2RlPSIwIiBFeHBlY3RlZFJlc3BvbnNlVXJsPSIiIFJlcG9ydGluZ05hbWU9IiIgSWdub3JlSHR0cFN0YXR1c0NvZGU9IkZhbHNlIj4NCiAgICAgIDxIZWFkZXJzPg0KICAgICAgICA8SGVhZGVyIE5hbWU9IkNvbnRlbnQtVHlwZSIgVmFsdWU9ImFwcGxpY2F0aW9uL3gtd3d3LWZvcm0tdXJsZW5jb2RlZDsgY2hhcnNldD1VVEYtOCIgLz4NCiAgICAgICAgPEhlYWRlciBOYW1lPSJBY2NlcHQiIFZhbHVlPSJ0ZXh0L3BsYWluLCAqLyo7IHE9MC4wMSIgLz4NCiAgICAgICAgPEhlYWRlciBOYW1lPSJSZWZlcmVyIiBWYWx1ZT0iaHR0cDovL2xvY2FsaG9zdDoxNTg0L0VtcGxveWVlcyIgLz4NCiAgICAgIDwvSGVhZGVycz4NCiAgICAgIDxRdWVyeVN0cmluZ1BhcmFtZXRlcnM+DQogICAgICAgIDxRdWVyeVN0cmluZ1BhcmFtZXRlciBOYW1lPSJyZXF1ZXN0VXJsIiBWYWx1ZT0iaHR0cCUzQSUyRiUyRmxvY2FsaG9zdCUzQTE1ODQlMkZFbXBsb3llZXMiIFJlY29yZGVkVmFsdWU9Imh0dHAlM0ElMkYlMkZsb2NhbGhvc3QlM0ExNTg0JTJGRW1wbG95ZWVzIiBDb3JyZWxhdGlvbkJpbmRpbmc9IiIgVXJsRW5jb2RlPSJGYWxzZSIgVXNlVG9Hcm91cFJlc3VsdHM9IkZhbHNlIiAvPg0KICAgICAgICA8UXVlcnlTdHJpbmdQYXJhbWV0ZXIgTmFtZT0iYnJvd3Nlck5hbWUiIFZhbHVlPSJJbnRlcm5ldCtFeHBsb3JlciIgUmVjb3JkZWRWYWx1ZT0iSW50ZXJuZXQrRXhwbG9yZXIiIENvcnJlbGF0aW9uQmluZGluZz0iIiBVcmxFbmNvZGU9IkZhbHNlIiBVc2VUb0dyb3VwUmVzdWx0cz0iRmFsc2UiIC8+DQogICAgICAgIDxRdWVyeVN0cmluZ1BhcmFtZXRlciBOYW1lPSJ1c2VyQWdlbnQiIFZhbHVlPSJNb3ppbGxhJTJGNS4wKyhXaW5kb3dzK05UKzEwLjAlM0IrV09XNjQlM0IrVHJpZGVudCUyRjcuMCUzQisuTkVUNC4wQyUzQisuTkVUNC4wRSUzQisuTkVUK0NMUisyLjAuNTA3MjclM0IrLk5FVCtDTFIrMy4wLjMwNzI5JTNCKy5ORVQrQ0xSKzMuNS4zMDcyOSUzQitydiUzQTExLjApK2xpa2UrR2Vja28iIFJlY29yZGVkVmFsdWU9Ik1vemlsbGElMkY1LjArKFdpbmRvd3MrTlQrMTAuMCUzQitXT1c2NCUzQitUcmlkZW50JTJGNy4wJTNCKy5ORVQ0LjBDJTNCKy5ORVQ0LjBFJTNCKy5ORVQrQ0xSKzIuMC41MDcyNyUzQisuTkVUK0NMUiszLjAuMzA3MjklM0IrLk5FVCtDTFIrMy41LjMwNzI5JTNCK3J2JTNBMTEuMCkrbGlrZStHZWNrbyIgQ29ycmVsYXRpb25CaW5kaW5nPSIiIFVybEVuY29kZT0iRmFsc2UiIFVzZVRvR3JvdXBSZXN1bHRzPSJGYWxzZSIgLz4NCiAgICAgICAgPFF1ZXJ5U3RyaW5nUGFyYW1ldGVyIE5hbWU9ImNsaWVudFByb3RvY29sIiBWYWx1ZT0iMS4zIiBSZWNvcmRlZFZhbHVlPSIxLjMiIENvcnJlbGF0aW9uQmluZGluZz0iIiBVcmxFbmNvZGU9IkZhbHNlIiBVc2VUb0dyb3VwUmVzdWx0cz0iRmFsc2UiIC8+DQogICAgICAgIDxRdWVyeVN0cmluZ1BhcmFtZXRlciBOYW1lPSJfIiBWYWx1ZT0iMTQ4MDU1MzgxNTA1NiIgUmVjb3JkZWRWYWx1ZT0iMTQ4MDU1MzgxNTA1NiIgQ29ycmVsYXRpb25CaW5kaW5nPSIiIFVybEVuY29kZT0iRmFsc2UiIFVzZVRvR3JvdXBSZXN1bHRzPSJGYWxzZSIgLz4NCiAgICAgIDwvUXVlcnlTdHJpbmdQYXJhbWV0ZXJzPg0KICAgICAgPEZvcm1Qb3N0SHR0cEJvZHkgLz4NCiAgICA8L1JlcXVlc3Q+DQogICAgPFJlcXVlc3QgTWV0aG9kPSJHRVQiIEd1aWQ9ImJjMzk5ZTMwLWVmMGYtNDY1OS1iNzM3LTc5NzEwYTc4NDQxNCIgVmVyc2lvbj0iMS4xIiBVcmw9Imh0dHA6Ly9sb2NhbGhvc3Q6MTU4NC9fX2Jyb3dzZXJMaW5rL3JlcXVlc3REYXRhLzE0MTQ3NjRjN2FmZDQ3YWY4ZGRmYzdmOGE5YjQ3MWQ2IiBUaGlua1RpbWU9IjAiIFRpbWVvdXQ9IjMwMCIgUGFyc2VEZXBlbmRlbnRSZXF1ZXN0cz0iVHJ1ZSIgRm9sbG93UmVkaXJlY3RzPSJUcnVlIiBSZWNvcmRSZXN1bHQ9IlRydWUiIENhY2hlPSJGYWxzZSIgUmVzcG9uc2VUaW1lR29hbD0iMCIgRW5jb2Rpbmc9InV0Zi04IiBFeHBlY3RlZEh0dHBTdGF0dXNDb2RlPSIwIiBFeHBlY3RlZFJlc3BvbnNlVXJsPSIiIFJlcG9ydGluZ05hbWU9IiIgSWdub3JlSHR0cFN0YXR1c0NvZGU9IkZhbHNlIj4NCiAgICAgIDxIZWFkZXJzPg0KICAgICAgICA8SGVhZGVyIE5hbWU9IkFjY2VwdCIgVmFsdWU9ImFwcGxpY2F0aW9uL2pzb24sIHRleHQvamF2YXNjcmlwdCwgKi8qOyBxPTAuMDEiIC8+DQogICAgICAgIDxIZWFkZXIgTmFtZT0iWC1SZXF1ZXN0ZWQtV2l0aCIgVmFsdWU9IlhNTEh0dHBSZXF1ZXN0IiAvPg0KICAgICAgICA8SGVhZGVyIE5hbWU9IlJlZmVyZXIiIFZhbHVlPSJodHRwOi8vbG9jYWxob3N0OjE1ODQvRW1wbG95ZWVzIiAvPg0KICAgICAgPC9IZWFkZXJzPg0KICAgICAgPFF1ZXJ5U3RyaW5nUGFyYW1ldGVycz4NCiAgICAgICAgPFF1ZXJ5U3RyaW5nUGFyYW1ldGVyIE5hbWU9InZlcnNpb24iIFZhbHVlPSIyIiBSZWNvcmRlZFZhbHVlPSIyIiBDb3JyZWxhdGlvbkJpbmRpbmc9IiIgVXJsRW5jb2RlPSJGYWxzZSIgVXNlVG9Hcm91cFJlc3VsdHM9IkZhbHNlIiAvPg0KICAgICAgPC9RdWVyeVN0cmluZ1BhcmFtZXRlcnM+DQogICAgPC9SZXF1ZXN0Pg0KICA8L0l0ZW1zPg0KICA8VmFsaWRhdGlvblJ1bGVzPg0KICAgIDxWYWxpZGF0aW9uUnVsZSBDbGFzc25hbWU9Ik1pY3Jvc29mdC5WaXN1YWxTdHVkaW8uVGVzdFRvb2xzLldlYlRlc3RpbmcuUnVsZXMuVmFsaWRhdGVSZXNwb25zZVVybCwgTWljcm9zb2Z0LlZpc3VhbFN0dWRpby5RdWFsaXR5VG9vbHMuV2ViVGVzdEZyYW1ld29yaywgVmVyc2lvbj0xMC4wLjAuMCwgQ3VsdHVyZT1uZXV0cmFsLCBQdWJsaWNLZXlUb2tlbj1iMDNmNWY3ZjExZDUwYTNhIiBEaXNwbGF5TmFtZT0iUmVzcG9uc2UgVVJMIiBEZXNjcmlwdGlvbj0iVmFsaWRhdGVzIHRoYXQgdGhlIHJlc3BvbnNlIFVSTCBhZnRlciByZWRpcmVjdHMgYXJlIGZvbGxvd2VkIGlzIHRoZSBzYW1lIGFzIHRoZSByZWNvcmRlZCByZXNwb25zZSBVUkwuICBRdWVyeVN0cmluZyBwYXJhbWV0ZXJzIGFyZSBpZ25vcmVkLiIgTGV2ZWw9IkxvdyIgRXhlY3R1aW9uT3JkZXI9IkJlZm9yZURlcGVuZGVudHMiIC8+DQogICAgPFZhbGlkYXRpb25SdWxlIENsYXNzbmFtZT0iTWljcm9zb2Z0LlZpc3VhbFN0dWRpby5UZXN0VG9vbHMuV2ViVGVzdGluZy5SdWxlcy5WYWxpZGF0aW9uUnVsZVJlc3BvbnNlVGltZUdvYWwsIE1pY3Jvc29mdC5WaXN1YWxTdHVkaW8uUXVhbGl0eVRvb2xzLldlYlRlc3RGcmFtZXdvcmssIFZlcnNpb249MTAuMC4wLjAsIEN1bHR1cmU9bmV1dHJhbCwgUHVibGljS2V5VG9rZW49YjAzZjVmN2YxMWQ1MGEzYSIgRGlzcGxheU5hbWU9IlJlc3BvbnNlIFRpbWUgR29hbCIgRGVzY3JpcHRpb249IlZhbGlkYXRlcyB0aGF0IHRoZSByZXNwb25zZSB0aW1lIGZvciB0aGUgcmVxdWVzdCBpcyBsZXNzIHRoYW4gb3IgZXF1YWwgdG8gdGhlIHJlc3BvbnNlIHRpbWUgZ29hbCBhcyBzcGVjaWZpZWQgb24gdGhlIHJlcXVlc3QuICBSZXNwb25zZSB0aW1lIGdvYWxzIG9mIHplcm8gd2lsbCBiZSBpZ25vcmVkLiIgTGV2ZWw9IkxvdyIgRXhlY3R1aW9uT3JkZXI9IkFmdGVyRGVwZW5kZW50cyI+DQogICAgICA8UnVsZVBhcmFtZXRlcnM+DQogICAgICAgIDxSdWxlUGFyYW1ldGVyIE5hbWU9IlRvbGVyYW5jZSIgVmFsdWU9IjAiIC8+DQogICAgICA8L1J1bGVQYXJhbWV0ZXJzPg0KICAgIDwvVmFsaWRhdGlvblJ1bGU+DQogIDwvVmFsaWRhdGlvblJ1bGVzPg0KPC9XZWJUZXN0Pg==">
      <Execution id="2a501e62-5118-4f8a-a5df-b06ed1385450" />
    </WebTest>
  </TestDefinitions>
  <TestLists>
    <TestList name="Results Not in a List" id="8c84fa94-04c1-424b-9868-57a2d4851a1d" />
    <TestList name="All Loaded Results" id="19431567-8539-422a-85d7-44ee4e166bda" />
  </TestLists>
  <TestEntries>
    <TestEntry isTransparent="false" testId="4ee3c752-446a-4c14-8e12-68ead5b64204" executionId="2a501e62-5118-4f8a-a5df-b06ed1385450" testListId="8c84fa94-04c1-424b-9868-57a2d4851a1d" />
  </TestEntries>
  <Results>
    <WebTestResult executionId="2a501e62-5118-4f8a-a5df-b06ed1385450" testId="4ee3c752-446a-4c14-8e12-68ead5b64204" testName="WebTest1" computerName="DESKTOP-SQ1UVAM" duration="00:00:03.8956691" startTime="2016-11-30T19:58:05.6765072-05:00" endTime="2016-11-30T19:58:20.3702298-05:00" testType="4e7599fa-5ecb-43e9-a887-cd63cf72d207" outcome="Failed" testListId="8c84fa94-04c1-424b-9868-57a2d4851a1d" relativeResultsDirectory="2a501e62-5118-4f8a-a5df-b06ed1385450">
      <Output>
        <ErrorInfo>
          <Message>13 primary requests, 1 dependant requests and 0 conditional rules failed</Message>
        </ErrorInfo>
      </Output>
      <ResultFiles>
        <ResultFile path="WebTest1.webtestResult" />
      </ResultFiles>
      <TestSettings name="Default Test Settings" id="d461cd6e-ecf2-42b4-8dd6-f8764a708f73">
        <Deployment userDeploymentRoot="C:\Users\cgogu\Documents\Visual Studio 2015\Projects\Christopher.Goguen.Lab6\TestResults" useDefaultDeploymentRoot="false" runDeploymentRoot="cgogu_DESKTOP-SQ1UVAM 2016-11-30 19_58_04">
          <DeploymentItem filename="C:\Users\cgogu\Documents\Visual Studio 2015\Projects\Christopher.Goguen.Lab6\Christopher.Goguen.Lab6.Tests\FakesAssemblies\Christopher.Goguen.Lab6.Fakes.dll" />
          <DeploymentItem filename="C:\Users\cgogu\Documents\Visual Studio 2015\Projects\Christopher.Goguen.Lab6\packages\Newtonsoft.Json.6.0.4\lib\net45\Newtonsoft.Json.dll" />
          <DeploymentItem filename="C:\Users\cgogu\Documents\Visual Studio 2015\Projects\Christopher.Goguen.Lab6\packages\Microsoft.Web.Infrastructure.1.0.0.0\lib\net40\Microsoft.Web.Infrastructure.dll" />
          <DeploymentItem filename="C:\Users\cgogu\Documents\Visual Studio 2015\Projects\Christopher.Goguen.Lab6\packages\Microsoft.AspNet.WebApi.Core.5.2.3\lib\net45\System.Web.Http.dll" />
          <DeploymentItem filename="C:\Users\cgogu\Documents\Visual Studio 2015\Projects\Christopher.Goguen.Lab6\Christopher.Goguen.Lab6.Tests\FakesAssemblies\System.4.0.0.0.Fakes.dll" />
          <DeploymentItem filename="C:\Users\cgogu\Documents\Visual Studio 2015\Projects\Christopher.Goguen.Lab6\Christopher.Goguen.Lab6\bin\Christopher.Goguen.Lab6.dll" />
          <DeploymentItem filename="C:\Users\cgogu\Documents\Visual Studio 2015\Projects\Christopher.Goguen.Lab6\packages\Microsoft.AspNet.WebPages.3.2.3\lib\net45\System.Web.Helpers.dll" />
          <DeploymentItem filename="C:\Users\cgogu\Documents\Visual Studio 2015\Projects\Christopher.Goguen.Lab6\packages\Microsoft.AspNet.WebApi.WebHost.5.2.3\lib\net45\System.Web.Http.WebHost.dll" />
          <DeploymentItem filename="C:\Users\cgogu\Documents\Visual Studio 2015\Projects\Christopher.Goguen.Lab6\packages\Microsoft.AspNet.WebApi.Client.5.2.3\lib\net45\System.Net.Http.Formatting.dll" />
          <DeploymentItem filename="C:\Program Files (x86)\Microsoft Visual Studio 14.0\Common7\IDE\PublicAssemblies\Microsoft.QualityTools.Testing.Fakes.dll" />
          <DeploymentItem filename="C:\Users\cgogu\Documents\Visual Studio 2015\Projects\Christopher.Goguen.Lab6\packages\Microsoft.AspNet.Mvc.5.2.3\lib\net45\System.Web.Mvc.dll" />
          <DeploymentItem filename="C:\Users\cgogu\Documents\Visual Studio 2015\Projects\Christopher.Goguen.Lab6\packages\Microsoft.AspNet.WebPages.3.2.3\lib\net45\System.Web.WebPages.dll" />
          <DeploymentItem filename="C:\Users\cgogu\Documents\Visual Studio 2015\Projects\Christopher.Goguen.Lab6\packages\Microsoft.AspNet.Razor.3.2.3\lib\net45\System.Web.Razor.dll" />
          <DeploymentItem filename="C:\Users\cgogu\Documents\Visual Studio 2015\Projects\Christopher.Goguen.Lab6\packages\Microsoft.AspNet.WebPages.3.2.3\lib\net45\System.Web.WebPages.Deployment.dll" />
          <DeploymentItem filename="C:\Users\cgogu\Documents\Visual Studio 2015\Projects\Christopher.Goguen.Lab6\packages\Microsoft.AspNet.WebPages.3.2.3\lib\net45\System.Web.WebPages.Razor.dll" />
        </Deployment>
        <Execution>
          <TestTypeSpecific>
            <WebTestRunConfiguration testTypeId="4e7599fa-5ecb-43e9-a887-cd63cf72d207">
              <Browser name="Internet Explorer 9.0" MaxConnections="6">
                <Headers>
                  <Header name="User-Agent" value="Mozilla/5.0 (compatible; MSIE 9.0; Windows NT 6.1; Trident/5.0)" />
                  <Header name="Accept" value="*/*" />
                  <Header name="Accept-Language" value="{{$IEAcceptLanguage}}" />
                  <Header name="Accept-Encoding" value="GZIP" />
                </Headers>
              </Browser>
            </WebTestRunConfiguration>
          </TestTypeSpecific>
          <AgentRule name="Execution Agents">
          </AgentRule>
        </Execution>
        <Properties />
      </TestSettings>
      <WebTestResultFilePath>cgogu_DESKTOP-SQ1UVAM 2016-11-30 19_58_04\In\2a501e62-5118-4f8a-a5df-b06ed1385450\WebTest1.webtestResult</WebTestResultFilePath>
    </WebTestResult>
  </Results>
</TestRun>